[2025-12-08T14:51:19.528+0530] {taskinstance.py:1159} INFO - Dependencies all met for dep_context=non-requeueable deps ti=<TaskInstance: shopverse_daily_pipeline.wait_customers_file scheduled__2025-01-01T01:00:00+00:00 [queued]>
[2025-12-08T14:51:19.533+0530] {taskinstance.py:1159} INFO - Dependencies all met for dep_context=requeueable deps ti=<TaskInstance: shopverse_daily_pipeline.wait_customers_file scheduled__2025-01-01T01:00:00+00:00 [queued]>
[2025-12-08T14:51:19.533+0530] {taskinstance.py:1361} INFO - Starting attempt 1 of 2
[2025-12-08T14:51:19.540+0530] {taskinstance.py:1382} INFO - Executing <Task(FileSensor): wait_customers_file> on 2025-01-01 01:00:00+00:00
[2025-12-08T14:51:19.548+0530] {standard_task_runner.py:57} INFO - Started process 14133 to run task
[2025-12-08T14:51:19.556+0530] {standard_task_runner.py:84} INFO - Running: ['airflow', 'tasks', 'run', 'shopverse_daily_pipeline', 'wait_customers_file', 'scheduled__2025-01-01T01:00:00+00:00', '--job-id', '5', '--raw', '--subdir', 'DAGS_FOLDER/shopverse_daily_pipeline.py', '--cfg-path', '/var/folders/0m/k_9_7kw56svf7_nstcht_jzw0000gn/T/tmpxq3po78r']
[2025-12-08T14:51:19.558+0530] {standard_task_runner.py:85} INFO - Job 5: Subtask wait_customers_file
[2025-12-08T14:51:19.599+0530] {task_command.py:416} INFO - Running <TaskInstance: shopverse_daily_pipeline.wait_customers_file scheduled__2025-01-01T01:00:00+00:00 [running]> on host pranavis-macbook-air.local
[2025-12-08T14:51:19.646+0530] {taskinstance.py:1662} INFO - Exporting env vars: AIRFLOW_CTX_DAG_EMAIL='alert@example.com' AIRFLOW_CTX_DAG_OWNER='shopverse_de' AIRFLOW_CTX_DAG_ID='shopverse_daily_pipeline' AIRFLOW_CTX_TASK_ID='wait_customers_file' AIRFLOW_CTX_EXECUTION_DATE='2025-01-01T01:00:00+00:00' AIRFLOW_CTX_TRY_NUMBER='1' AIRFLOW_CTX_DAG_RUN_ID='scheduled__2025-01-01T01:00:00+00:00'
[2025-12-08T14:51:19.650+0530] {base.py:73} INFO - Using connection ID 'fs_default' for task execution.
[2025-12-08T14:51:19.651+0530] {filesystem.py:64} INFO - Poking for file /Users/ramesharra/airflow/data/shopverse/landing/customers/customers_20250101.csv
[2025-12-08T14:51:29.679+0530] {base.py:73} INFO - Using connection ID 'fs_default' for task execution.
[2025-12-08T14:51:29.680+0530] {filesystem.py:64} INFO - Poking for file /Users/ramesharra/airflow/data/shopverse/landing/customers/customers_20250101.csv
[2025-12-08T14:51:39.697+0530] {base.py:73} INFO - Using connection ID 'fs_default' for task execution.
[2025-12-08T14:51:39.702+0530] {filesystem.py:64} INFO - Poking for file /Users/ramesharra/airflow/data/shopverse/landing/customers/customers_20250101.csv
[2025-12-08T14:51:49.724+0530] {base.py:73} INFO - Using connection ID 'fs_default' for task execution.
[2025-12-08T14:51:49.727+0530] {filesystem.py:64} INFO - Poking for file /Users/ramesharra/airflow/data/shopverse/landing/customers/customers_20250101.csv
[2025-12-08T14:51:59.747+0530] {base.py:73} INFO - Using connection ID 'fs_default' for task execution.
[2025-12-08T14:51:59.749+0530] {filesystem.py:64} INFO - Poking for file /Users/ramesharra/airflow/data/shopverse/landing/customers/customers_20250101.csv
[2025-12-08T14:52:09.777+0530] {base.py:73} INFO - Using connection ID 'fs_default' for task execution.
[2025-12-08T14:52:09.779+0530] {filesystem.py:64} INFO - Poking for file /Users/ramesharra/airflow/data/shopverse/landing/customers/customers_20250101.csv
[2025-12-08T14:52:19.812+0530] {base.py:73} INFO - Using connection ID 'fs_default' for task execution.
[2025-12-08T14:52:19.815+0530] {filesystem.py:64} INFO - Poking for file /Users/ramesharra/airflow/data/shopverse/landing/customers/customers_20250101.csv
[2025-12-08T14:52:29.836+0530] {base.py:73} INFO - Using connection ID 'fs_default' for task execution.
[2025-12-08T14:52:29.838+0530] {filesystem.py:64} INFO - Poking for file /Users/ramesharra/airflow/data/shopverse/landing/customers/customers_20250101.csv
[2025-12-08T14:52:39.868+0530] {base.py:73} INFO - Using connection ID 'fs_default' for task execution.
[2025-12-08T14:52:39.871+0530] {filesystem.py:64} INFO - Poking for file /Users/ramesharra/airflow/data/shopverse/landing/customers/customers_20250101.csv
[2025-12-08T14:52:49.892+0530] {base.py:73} INFO - Using connection ID 'fs_default' for task execution.
[2025-12-08T14:52:49.894+0530] {filesystem.py:64} INFO - Poking for file /Users/ramesharra/airflow/data/shopverse/landing/customers/customers_20250101.csv
[2025-12-08T14:52:59.916+0530] {base.py:73} INFO - Using connection ID 'fs_default' for task execution.
[2025-12-08T14:52:59.918+0530] {filesystem.py:64} INFO - Poking for file /Users/ramesharra/airflow/data/shopverse/landing/customers/customers_20250101.csv
[2025-12-08T14:53:09.939+0530] {base.py:73} INFO - Using connection ID 'fs_default' for task execution.
[2025-12-08T14:53:09.942+0530] {filesystem.py:64} INFO - Poking for file /Users/ramesharra/airflow/data/shopverse/landing/customers/customers_20250101.csv
[2025-12-08T14:53:19.963+0530] {base.py:73} INFO - Using connection ID 'fs_default' for task execution.
[2025-12-08T14:53:19.969+0530] {filesystem.py:64} INFO - Poking for file /Users/ramesharra/airflow/data/shopverse/landing/customers/customers_20250101.csv
[2025-12-08T14:53:29.997+0530] {base.py:73} INFO - Using connection ID 'fs_default' for task execution.
[2025-12-08T14:53:29.998+0530] {filesystem.py:64} INFO - Poking for file /Users/ramesharra/airflow/data/shopverse/landing/customers/customers_20250101.csv
[2025-12-08T14:53:40.027+0530] {base.py:73} INFO - Using connection ID 'fs_default' for task execution.
[2025-12-08T14:53:40.029+0530] {filesystem.py:64} INFO - Poking for file /Users/ramesharra/airflow/data/shopverse/landing/customers/customers_20250101.csv
[2025-12-08T14:53:50.047+0530] {base.py:73} INFO - Using connection ID 'fs_default' for task execution.
[2025-12-08T14:53:50.049+0530] {filesystem.py:64} INFO - Poking for file /Users/ramesharra/airflow/data/shopverse/landing/customers/customers_20250101.csv
[2025-12-08T14:54:00.071+0530] {base.py:73} INFO - Using connection ID 'fs_default' for task execution.
[2025-12-08T14:54:00.073+0530] {filesystem.py:64} INFO - Poking for file /Users/ramesharra/airflow/data/shopverse/landing/customers/customers_20250101.csv
[2025-12-08T14:54:10.094+0530] {base.py:73} INFO - Using connection ID 'fs_default' for task execution.
[2025-12-08T14:54:10.096+0530] {filesystem.py:64} INFO - Poking for file /Users/ramesharra/airflow/data/shopverse/landing/customers/customers_20250101.csv
[2025-12-08T14:54:20.123+0530] {base.py:73} INFO - Using connection ID 'fs_default' for task execution.
[2025-12-08T14:54:20.125+0530] {filesystem.py:64} INFO - Poking for file /Users/ramesharra/airflow/data/shopverse/landing/customers/customers_20250101.csv
[2025-12-08T14:54:30.153+0530] {base.py:73} INFO - Using connection ID 'fs_default' for task execution.
[2025-12-08T14:54:30.156+0530] {filesystem.py:64} INFO - Poking for file /Users/ramesharra/airflow/data/shopverse/landing/customers/customers_20250101.csv
[2025-12-08T14:54:40.182+0530] {base.py:73} INFO - Using connection ID 'fs_default' for task execution.
[2025-12-08T14:54:40.184+0530] {filesystem.py:64} INFO - Poking for file /Users/ramesharra/airflow/data/shopverse/landing/customers/customers_20250101.csv
[2025-12-08T14:54:50.220+0530] {base.py:73} INFO - Using connection ID 'fs_default' for task execution.
[2025-12-08T14:54:50.223+0530] {filesystem.py:64} INFO - Poking for file /Users/ramesharra/airflow/data/shopverse/landing/customers/customers_20250101.csv
[2025-12-08T14:55:00.255+0530] {base.py:73} INFO - Using connection ID 'fs_default' for task execution.
[2025-12-08T14:55:00.258+0530] {filesystem.py:64} INFO - Poking for file /Users/ramesharra/airflow/data/shopverse/landing/customers/customers_20250101.csv
[2025-12-08T14:55:10.278+0530] {base.py:73} INFO - Using connection ID 'fs_default' for task execution.
[2025-12-08T14:55:10.281+0530] {filesystem.py:64} INFO - Poking for file /Users/ramesharra/airflow/data/shopverse/landing/customers/customers_20250101.csv
[2025-12-08T14:55:20.308+0530] {base.py:73} INFO - Using connection ID 'fs_default' for task execution.
[2025-12-08T14:55:20.313+0530] {filesystem.py:64} INFO - Poking for file /Users/ramesharra/airflow/data/shopverse/landing/customers/customers_20250101.csv
[2025-12-08T14:55:30.337+0530] {base.py:73} INFO - Using connection ID 'fs_default' for task execution.
[2025-12-08T14:55:30.340+0530] {filesystem.py:64} INFO - Poking for file /Users/ramesharra/airflow/data/shopverse/landing/customers/customers_20250101.csv
[2025-12-08T14:55:40.364+0530] {base.py:73} INFO - Using connection ID 'fs_default' for task execution.
[2025-12-08T14:55:40.366+0530] {filesystem.py:64} INFO - Poking for file /Users/ramesharra/airflow/data/shopverse/landing/customers/customers_20250101.csv
[2025-12-08T14:55:50.390+0530] {base.py:73} INFO - Using connection ID 'fs_default' for task execution.
[2025-12-08T14:55:50.393+0530] {filesystem.py:64} INFO - Poking for file /Users/ramesharra/airflow/data/shopverse/landing/customers/customers_20250101.csv
[2025-12-08T14:56:00.415+0530] {base.py:73} INFO - Using connection ID 'fs_default' for task execution.
[2025-12-08T14:56:00.418+0530] {filesystem.py:64} INFO - Poking for file /Users/ramesharra/airflow/data/shopverse/landing/customers/customers_20250101.csv
[2025-12-08T14:56:10.434+0530] {base.py:73} INFO - Using connection ID 'fs_default' for task execution.
[2025-12-08T14:56:10.437+0530] {filesystem.py:64} INFO - Poking for file /Users/ramesharra/airflow/data/shopverse/landing/customers/customers_20250101.csv
[2025-12-08T14:56:20.465+0530] {base.py:73} INFO - Using connection ID 'fs_default' for task execution.
[2025-12-08T14:56:20.468+0530] {filesystem.py:64} INFO - Poking for file /Users/ramesharra/airflow/data/shopverse/landing/customers/customers_20250101.csv
[2025-12-08T14:56:30.495+0530] {base.py:73} INFO - Using connection ID 'fs_default' for task execution.
[2025-12-08T14:56:30.500+0530] {filesystem.py:64} INFO - Poking for file /Users/ramesharra/airflow/data/shopverse/landing/customers/customers_20250101.csv
[2025-12-08T14:56:40.514+0530] {base.py:73} INFO - Using connection ID 'fs_default' for task execution.
[2025-12-08T14:56:40.517+0530] {filesystem.py:64} INFO - Poking for file /Users/ramesharra/airflow/data/shopverse/landing/customers/customers_20250101.csv
[2025-12-08T14:56:50.539+0530] {base.py:73} INFO - Using connection ID 'fs_default' for task execution.
[2025-12-08T14:56:50.542+0530] {filesystem.py:64} INFO - Poking for file /Users/ramesharra/airflow/data/shopverse/landing/customers/customers_20250101.csv
[2025-12-08T14:57:00.561+0530] {base.py:73} INFO - Using connection ID 'fs_default' for task execution.
[2025-12-08T14:57:00.565+0530] {filesystem.py:64} INFO - Poking for file /Users/ramesharra/airflow/data/shopverse/landing/customers/customers_20250101.csv
[2025-12-08T14:57:10.578+0530] {base.py:73} INFO - Using connection ID 'fs_default' for task execution.
[2025-12-08T14:57:10.581+0530] {filesystem.py:64} INFO - Poking for file /Users/ramesharra/airflow/data/shopverse/landing/customers/customers_20250101.csv
[2025-12-08T14:57:20.606+0530] {base.py:73} INFO - Using connection ID 'fs_default' for task execution.
[2025-12-08T14:57:20.610+0530] {filesystem.py:64} INFO - Poking for file /Users/ramesharra/airflow/data/shopverse/landing/customers/customers_20250101.csv
[2025-12-08T14:57:30.629+0530] {base.py:73} INFO - Using connection ID 'fs_default' for task execution.
[2025-12-08T14:57:30.632+0530] {filesystem.py:64} INFO - Poking for file /Users/ramesharra/airflow/data/shopverse/landing/customers/customers_20250101.csv
[2025-12-08T14:57:40.651+0530] {base.py:73} INFO - Using connection ID 'fs_default' for task execution.
[2025-12-08T14:57:40.654+0530] {filesystem.py:64} INFO - Poking for file /Users/ramesharra/airflow/data/shopverse/landing/customers/customers_20250101.csv
[2025-12-08T14:57:50.669+0530] {base.py:73} INFO - Using connection ID 'fs_default' for task execution.
[2025-12-08T14:57:50.672+0530] {filesystem.py:64} INFO - Poking for file /Users/ramesharra/airflow/data/shopverse/landing/customers/customers_20250101.csv
[2025-12-08T14:58:00.688+0530] {base.py:73} INFO - Using connection ID 'fs_default' for task execution.
[2025-12-08T14:58:00.691+0530] {filesystem.py:64} INFO - Poking for file /Users/ramesharra/airflow/data/shopverse/landing/customers/customers_20250101.csv
[2025-12-08T14:58:10.704+0530] {base.py:73} INFO - Using connection ID 'fs_default' for task execution.
[2025-12-08T14:58:10.706+0530] {filesystem.py:64} INFO - Poking for file /Users/ramesharra/airflow/data/shopverse/landing/customers/customers_20250101.csv
[2025-12-08T14:58:20.733+0530] {base.py:73} INFO - Using connection ID 'fs_default' for task execution.
[2025-12-08T14:58:20.736+0530] {filesystem.py:64} INFO - Poking for file /Users/ramesharra/airflow/data/shopverse/landing/customers/customers_20250101.csv
[2025-12-08T14:58:30.765+0530] {base.py:73} INFO - Using connection ID 'fs_default' for task execution.
[2025-12-08T14:58:30.770+0530] {filesystem.py:64} INFO - Poking for file /Users/ramesharra/airflow/data/shopverse/landing/customers/customers_20250101.csv
[2025-12-08T14:58:40.786+0530] {base.py:73} INFO - Using connection ID 'fs_default' for task execution.
[2025-12-08T14:58:40.788+0530] {filesystem.py:64} INFO - Poking for file /Users/ramesharra/airflow/data/shopverse/landing/customers/customers_20250101.csv
[2025-12-08T14:58:46.627+0530] {taskinstance.py:1149} INFO - Dependencies not met for <TaskInstance: shopverse_daily_pipeline.wait_customers_file scheduled__2025-01-01T01:00:00+00:00 [running]>, dependency 'Task Instance State' FAILED: Task is in the 'running' state.
[2025-12-08T14:58:46.630+0530] {taskinstance.py:1149} INFO - Dependencies not met for <TaskInstance: shopverse_daily_pipeline.wait_customers_file scheduled__2025-01-01T01:00:00+00:00 [running]>, dependency 'Task Instance Not Running' FAILED: Task is in the running state
[2025-12-08T14:58:46.631+0530] {local_task_job_runner.py:154} INFO - Task is not able to be run
[2025-12-08T14:58:50.810+0530] {base.py:73} INFO - Using connection ID 'fs_default' for task execution.
[2025-12-08T14:58:50.813+0530] {filesystem.py:64} INFO - Poking for file /Users/ramesharra/airflow/data/shopverse/landing/customers/customers_20250101.csv
[2025-12-08T14:59:00.829+0530] {base.py:73} INFO - Using connection ID 'fs_default' for task execution.
[2025-12-08T14:59:00.831+0530] {filesystem.py:64} INFO - Poking for file /Users/ramesharra/airflow/data/shopverse/landing/customers/customers_20250101.csv
[2025-12-08T14:59:10.847+0530] {base.py:73} INFO - Using connection ID 'fs_default' for task execution.
[2025-12-08T14:59:10.850+0530] {filesystem.py:64} INFO - Poking for file /Users/ramesharra/airflow/data/shopverse/landing/customers/customers_20250101.csv
[2025-12-08T14:59:20.869+0530] {base.py:73} INFO - Using connection ID 'fs_default' for task execution.
[2025-12-08T14:59:20.870+0530] {filesystem.py:64} INFO - Poking for file /Users/ramesharra/airflow/data/shopverse/landing/customers/customers_20250101.csv
[2025-12-08T14:59:30.891+0530] {base.py:73} INFO - Using connection ID 'fs_default' for task execution.
[2025-12-08T14:59:30.894+0530] {filesystem.py:64} INFO - Poking for file /Users/ramesharra/airflow/data/shopverse/landing/customers/customers_20250101.csv
[2025-12-08T14:59:40.971+0530] {base.py:73} INFO - Using connection ID 'fs_default' for task execution.
[2025-12-08T14:59:40.973+0530] {filesystem.py:64} INFO - Poking for file /Users/ramesharra/airflow/data/shopverse/landing/customers/customers_20250101.csv
[2025-12-08T14:59:50.996+0530] {base.py:73} INFO - Using connection ID 'fs_default' for task execution.
[2025-12-08T14:59:50.999+0530] {filesystem.py:64} INFO - Poking for file /Users/ramesharra/airflow/data/shopverse/landing/customers/customers_20250101.csv
[2025-12-08T15:00:01.012+0530] {base.py:73} INFO - Using connection ID 'fs_default' for task execution.
[2025-12-08T15:00:01.013+0530] {filesystem.py:64} INFO - Poking for file /Users/ramesharra/airflow/data/shopverse/landing/customers/customers_20250101.csv
[2025-12-08T15:00:11.035+0530] {base.py:73} INFO - Using connection ID 'fs_default' for task execution.
[2025-12-08T15:00:11.038+0530] {filesystem.py:64} INFO - Poking for file /Users/ramesharra/airflow/data/shopverse/landing/customers/customers_20250101.csv
[2025-12-08T15:00:21.061+0530] {base.py:73} INFO - Using connection ID 'fs_default' for task execution.
[2025-12-08T15:00:21.071+0530] {filesystem.py:64} INFO - Poking for file /Users/ramesharra/airflow/data/shopverse/landing/customers/customers_20250101.csv
[2025-12-08T15:00:31.088+0530] {base.py:73} INFO - Using connection ID 'fs_default' for task execution.
[2025-12-08T15:00:31.089+0530] {filesystem.py:64} INFO - Poking for file /Users/ramesharra/airflow/data/shopverse/landing/customers/customers_20250101.csv
[2025-12-08T15:00:41.104+0530] {base.py:73} INFO - Using connection ID 'fs_default' for task execution.
[2025-12-08T15:00:41.107+0530] {filesystem.py:64} INFO - Poking for file /Users/ramesharra/airflow/data/shopverse/landing/customers/customers_20250101.csv
[2025-12-08T15:00:51.128+0530] {base.py:73} INFO - Using connection ID 'fs_default' for task execution.
[2025-12-08T15:00:51.139+0530] {filesystem.py:64} INFO - Poking for file /Users/ramesharra/airflow/data/shopverse/landing/customers/customers_20250101.csv
[2025-12-08T15:01:01.158+0530] {base.py:73} INFO - Using connection ID 'fs_default' for task execution.
[2025-12-08T15:01:01.161+0530] {filesystem.py:64} INFO - Poking for file /Users/ramesharra/airflow/data/shopverse/landing/customers/customers_20250101.csv
[2025-12-08T15:01:11.179+0530] {base.py:73} INFO - Using connection ID 'fs_default' for task execution.
[2025-12-08T15:01:11.185+0530] {filesystem.py:64} INFO - Poking for file /Users/ramesharra/airflow/data/shopverse/landing/customers/customers_20250101.csv
[2025-12-08T15:01:21.223+0530] {base.py:73} INFO - Using connection ID 'fs_default' for task execution.
[2025-12-08T15:01:21.227+0530] {filesystem.py:64} INFO - Poking for file /Users/ramesharra/airflow/data/shopverse/landing/customers/customers_20250101.csv
[2025-12-08T15:01:21.228+0530] {taskinstance.py:1937} ERROR - Task failed with exception
Traceback (most recent call last):
  File "/Users/ramesharra/airflow310/lib/python3.10/site-packages/airflow/sensors/base.py", line 274, in execute
    raise AirflowSensorTimeout(message)
airflow.exceptions.AirflowSensorTimeout: Sensor has timed out; run duration of 601.5746073749997 seconds exceeds the specified timeout of 600.0.
[2025-12-08T15:01:21.237+0530] {taskinstance.py:1400} INFO - Immediate failure requested. Marking task as FAILED. dag_id=shopverse_daily_pipeline, task_id=wait_customers_file, execution_date=20250101T010000, start_date=20251208T092950, end_date=20251208T093121
[2025-12-08T15:01:21.256+0530] {logging_mixin.py:154} WARNING - /Users/ramesharra/airflow310/lib/python3.10/site-packages/airflow/utils/email.py:154 RemovedInAirflow3Warning: Fetching SMTP credentials from configuration variables will be deprecated in a future release. Please set credentials using a connection instead.
[2025-12-08T15:01:21.256+0530] {configuration.py:1050} WARNING - section/key [smtp/smtp_user] not found in config
[2025-12-08T15:01:21.256+0530] {email.py:270} INFO - Email alerting: attempt 1
[2025-12-08T15:01:21.261+0530] {configuration.py:1050} WARNING - section/key [smtp/smtp_user] not found in config
[2025-12-08T15:01:21.261+0530] {email.py:270} INFO - Email alerting: attempt 1
[2025-12-08T15:01:21.262+0530] {taskinstance.py:2007} ERROR - Failed to send email to: alert@example.com
Traceback (most recent call last):
  File "/Users/ramesharra/airflow310/lib/python3.10/site-packages/airflow/models/taskinstance.py", line 1518, in _run_raw_task
    self._execute_task_with_callbacks(context, test_mode, session=session)
  File "/Users/ramesharra/airflow310/lib/python3.10/site-packages/airflow/models/taskinstance.py", line 1681, in _execute_task_with_callbacks
    result = self._execute_task(context, task_orig)
  File "/Users/ramesharra/airflow310/lib/python3.10/site-packages/airflow/models/taskinstance.py", line 1744, in _execute_task
    result = execute_callable(context=context, **execute_callable_kwargs)
  File "/Users/ramesharra/airflow310/lib/python3.10/site-packages/airflow/sensors/base.py", line 274, in execute
    raise AirflowSensorTimeout(message)
airflow.exceptions.AirflowSensorTimeout: Sensor has timed out; run duration of 601.5746073749997 seconds exceeds the specified timeout of 600.0.

During handling of the above exception, another exception occurred:

Traceback (most recent call last):
  File "/Users/ramesharra/airflow310/lib/python3.10/site-packages/airflow/models/taskinstance.py", line 2420, in email_alert
    send_email(task.email, subject, html_content)
  File "/Users/ramesharra/airflow310/lib/python3.10/site-packages/airflow/utils/email.py", line 80, in send_email
    return backend(
  File "/Users/ramesharra/airflow310/lib/python3.10/site-packages/airflow/utils/email.py", line 154, in send_email_smtp
    send_mime_email(e_from=mail_from, e_to=recipients, mime_msg=msg, conn_id=conn_id, dryrun=dryrun)
  File "/Users/ramesharra/airflow310/lib/python3.10/site-packages/airflow/utils/email.py", line 272, in send_mime_email
    smtp_conn = _get_smtp_connection(smtp_host, smtp_port, smtp_timeout, smtp_ssl)
  File "/Users/ramesharra/airflow310/lib/python3.10/site-packages/airflow/utils/email.py", line 316, in _get_smtp_connection
    return smtplib.SMTP(host=host, port=port, timeout=timeout)
  File "/opt/homebrew/Cellar/python@3.10/3.10.19_1/Frameworks/Python.framework/Versions/3.10/lib/python3.10/smtplib.py", line 255, in __init__
    (code, msg) = self.connect(host, port)
  File "/opt/homebrew/Cellar/python@3.10/3.10.19_1/Frameworks/Python.framework/Versions/3.10/lib/python3.10/smtplib.py", line 341, in connect
    self.sock = self._get_socket(host, port, self.timeout)
  File "/opt/homebrew/Cellar/python@3.10/3.10.19_1/Frameworks/Python.framework/Versions/3.10/lib/python3.10/smtplib.py", line 312, in _get_socket
    return socket.create_connection((host, port), timeout,
  File "/opt/homebrew/Cellar/python@3.10/3.10.19_1/Frameworks/Python.framework/Versions/3.10/lib/python3.10/socket.py", line 857, in create_connection
    raise err
  File "/opt/homebrew/Cellar/python@3.10/3.10.19_1/Frameworks/Python.framework/Versions/3.10/lib/python3.10/socket.py", line 845, in create_connection
    sock.connect(sa)
ConnectionRefusedError: [Errno 61] Connection refused

During handling of the above exception, another exception occurred:

Traceback (most recent call last):
  File "/Users/ramesharra/airflow310/lib/python3.10/site-packages/airflow/models/taskinstance.py", line 2005, in handle_failure
    self.email_alert(error, task)
  File "/Users/ramesharra/airflow310/lib/python3.10/site-packages/airflow/models/taskinstance.py", line 2422, in email_alert
    send_email(task.email, subject, html_content_err)
  File "/Users/ramesharra/airflow310/lib/python3.10/site-packages/airflow/utils/email.py", line 80, in send_email
    return backend(
  File "/Users/ramesharra/airflow310/lib/python3.10/site-packages/airflow/utils/email.py", line 154, in send_email_smtp
    send_mime_email(e_from=mail_from, e_to=recipients, mime_msg=msg, conn_id=conn_id, dryrun=dryrun)
  File "/Users/ramesharra/airflow310/lib/python3.10/site-packages/airflow/utils/email.py", line 272, in send_mime_email
    smtp_conn = _get_smtp_connection(smtp_host, smtp_port, smtp_timeout, smtp_ssl)
  File "/Users/ramesharra/airflow310/lib/python3.10/site-packages/airflow/utils/email.py", line 316, in _get_smtp_connection
    return smtplib.SMTP(host=host, port=port, timeout=timeout)
  File "/opt/homebrew/Cellar/python@3.10/3.10.19_1/Frameworks/Python.framework/Versions/3.10/lib/python3.10/smtplib.py", line 255, in __init__
    (code, msg) = self.connect(host, port)
  File "/opt/homebrew/Cellar/python@3.10/3.10.19_1/Frameworks/Python.framework/Versions/3.10/lib/python3.10/smtplib.py", line 341, in connect
    self.sock = self._get_socket(host, port, self.timeout)
  File "/opt/homebrew/Cellar/python@3.10/3.10.19_1/Frameworks/Python.framework/Versions/3.10/lib/python3.10/smtplib.py", line 312, in _get_socket
    return socket.create_connection((host, port), timeout,
  File "/opt/homebrew/Cellar/python@3.10/3.10.19_1/Frameworks/Python.framework/Versions/3.10/lib/python3.10/socket.py", line 857, in create_connection
    raise err
  File "/opt/homebrew/Cellar/python@3.10/3.10.19_1/Frameworks/Python.framework/Versions/3.10/lib/python3.10/socket.py", line 845, in create_connection
    sock.connect(sa)
ConnectionRefusedError: [Errno 61] Connection refused
[2025-12-08T15:01:21.278+0530] {standard_task_runner.py:104} ERROR - Failed to execute job 5 for task wait_customers_file (Sensor has timed out; run duration of 601.5746073749997 seconds exceeds the specified timeout of 600.0.; 14133)
