[2025-12-08T15:51:52.113+0530] {taskinstance.py:1159} INFO - Dependencies all met for dep_context=non-requeueable deps ti=<TaskInstance: shopverse_daily_pipeline.wait_customers_file scheduled__2025-01-04T01:00:00+00:00 [queued]>
[2025-12-08T15:51:52.116+0530] {taskinstance.py:1159} INFO - Dependencies all met for dep_context=requeueable deps ti=<TaskInstance: shopverse_daily_pipeline.wait_customers_file scheduled__2025-01-04T01:00:00+00:00 [queued]>
[2025-12-08T15:51:52.116+0530] {taskinstance.py:1361} INFO - Starting attempt 1 of 2
[2025-12-08T15:51:52.121+0530] {taskinstance.py:1382} INFO - Executing <Task(FileSensor): wait_customers_file> on 2025-01-04 01:00:00+00:00
[2025-12-08T15:51:52.125+0530] {standard_task_runner.py:57} INFO - Started process 16498 to run task
[2025-12-08T15:51:52.129+0530] {standard_task_runner.py:84} INFO - Running: ['airflow', 'tasks', 'run', 'shopverse_daily_pipeline', 'wait_customers_file', 'scheduled__2025-01-04T01:00:00+00:00', '--job-id', '36', '--raw', '--subdir', 'DAGS_FOLDER/shopverse_daily_pipeline.py', '--cfg-path', '/var/folders/0m/k_9_7kw56svf7_nstcht_jzw0000gn/T/tmpd4ajnqde']
[2025-12-08T15:51:52.130+0530] {standard_task_runner.py:85} INFO - Job 36: Subtask wait_customers_file
[2025-12-08T15:51:52.159+0530] {task_command.py:416} INFO - Running <TaskInstance: shopverse_daily_pipeline.wait_customers_file scheduled__2025-01-04T01:00:00+00:00 [running]> on host pranavis-macbook-air.local
[2025-12-08T15:51:52.182+0530] {taskinstance.py:1662} INFO - Exporting env vars: AIRFLOW_CTX_DAG_EMAIL='alert@example.com' AIRFLOW_CTX_DAG_OWNER='shopverse_de' AIRFLOW_CTX_DAG_ID='shopverse_daily_pipeline' AIRFLOW_CTX_TASK_ID='wait_customers_file' AIRFLOW_CTX_EXECUTION_DATE='2025-01-04T01:00:00+00:00' AIRFLOW_CTX_TRY_NUMBER='1' AIRFLOW_CTX_DAG_RUN_ID='scheduled__2025-01-04T01:00:00+00:00'
[2025-12-08T15:51:52.185+0530] {base.py:73} INFO - Using connection ID 'fs_default' for task execution.
[2025-12-08T15:51:52.185+0530] {filesystem.py:64} INFO - Poking for file /Users/ramesharra/airflow/data/shopverse/landing/customers/customers_20250104.csv
[2025-12-08T15:52:02.236+0530] {base.py:73} INFO - Using connection ID 'fs_default' for task execution.
[2025-12-08T15:52:02.240+0530] {filesystem.py:64} INFO - Poking for file /Users/ramesharra/airflow/data/shopverse/landing/customers/customers_20250104.csv
[2025-12-08T15:52:12.268+0530] {base.py:73} INFO - Using connection ID 'fs_default' for task execution.
[2025-12-08T15:52:12.270+0530] {filesystem.py:64} INFO - Poking for file /Users/ramesharra/airflow/data/shopverse/landing/customers/customers_20250104.csv
[2025-12-08T15:52:22.291+0530] {base.py:73} INFO - Using connection ID 'fs_default' for task execution.
[2025-12-08T15:52:22.293+0530] {filesystem.py:64} INFO - Poking for file /Users/ramesharra/airflow/data/shopverse/landing/customers/customers_20250104.csv
[2025-12-08T15:52:32.317+0530] {base.py:73} INFO - Using connection ID 'fs_default' for task execution.
[2025-12-08T15:52:32.319+0530] {filesystem.py:64} INFO - Poking for file /Users/ramesharra/airflow/data/shopverse/landing/customers/customers_20250104.csv
[2025-12-08T15:52:42.337+0530] {base.py:73} INFO - Using connection ID 'fs_default' for task execution.
[2025-12-08T15:52:42.338+0530] {filesystem.py:64} INFO - Poking for file /Users/ramesharra/airflow/data/shopverse/landing/customers/customers_20250104.csv
[2025-12-08T15:52:52.352+0530] {base.py:73} INFO - Using connection ID 'fs_default' for task execution.
[2025-12-08T15:52:52.358+0530] {filesystem.py:64} INFO - Poking for file /Users/ramesharra/airflow/data/shopverse/landing/customers/customers_20250104.csv
[2025-12-08T15:53:02.388+0530] {base.py:73} INFO - Using connection ID 'fs_default' for task execution.
[2025-12-08T15:53:02.390+0530] {filesystem.py:64} INFO - Poking for file /Users/ramesharra/airflow/data/shopverse/landing/customers/customers_20250104.csv
[2025-12-08T15:53:12.409+0530] {base.py:73} INFO - Using connection ID 'fs_default' for task execution.
[2025-12-08T15:53:12.412+0530] {filesystem.py:64} INFO - Poking for file /Users/ramesharra/airflow/data/shopverse/landing/customers/customers_20250104.csv
[2025-12-08T15:53:22.431+0530] {base.py:73} INFO - Using connection ID 'fs_default' for task execution.
[2025-12-08T15:53:22.433+0530] {filesystem.py:64} INFO - Poking for file /Users/ramesharra/airflow/data/shopverse/landing/customers/customers_20250104.csv
[2025-12-08T15:53:32.450+0530] {base.py:73} INFO - Using connection ID 'fs_default' for task execution.
[2025-12-08T15:53:32.454+0530] {filesystem.py:64} INFO - Poking for file /Users/ramesharra/airflow/data/shopverse/landing/customers/customers_20250104.csv
[2025-12-08T15:53:42.487+0530] {base.py:73} INFO - Using connection ID 'fs_default' for task execution.
[2025-12-08T15:53:42.490+0530] {filesystem.py:64} INFO - Poking for file /Users/ramesharra/airflow/data/shopverse/landing/customers/customers_20250104.csv
[2025-12-08T15:53:52.518+0530] {base.py:73} INFO - Using connection ID 'fs_default' for task execution.
[2025-12-08T15:53:52.521+0530] {filesystem.py:64} INFO - Poking for file /Users/ramesharra/airflow/data/shopverse/landing/customers/customers_20250104.csv
[2025-12-08T15:54:02.543+0530] {base.py:73} INFO - Using connection ID 'fs_default' for task execution.
[2025-12-08T15:54:02.546+0530] {filesystem.py:64} INFO - Poking for file /Users/ramesharra/airflow/data/shopverse/landing/customers/customers_20250104.csv
[2025-12-08T15:54:12.582+0530] {base.py:73} INFO - Using connection ID 'fs_default' for task execution.
[2025-12-08T15:54:12.585+0530] {filesystem.py:64} INFO - Poking for file /Users/ramesharra/airflow/data/shopverse/landing/customers/customers_20250104.csv
[2025-12-08T15:54:22.609+0530] {base.py:73} INFO - Using connection ID 'fs_default' for task execution.
[2025-12-08T15:54:22.611+0530] {filesystem.py:64} INFO - Poking for file /Users/ramesharra/airflow/data/shopverse/landing/customers/customers_20250104.csv
[2025-12-08T15:54:32.636+0530] {base.py:73} INFO - Using connection ID 'fs_default' for task execution.
[2025-12-08T15:54:32.638+0530] {filesystem.py:64} INFO - Poking for file /Users/ramesharra/airflow/data/shopverse/landing/customers/customers_20250104.csv
[2025-12-08T15:54:42.658+0530] {base.py:73} INFO - Using connection ID 'fs_default' for task execution.
[2025-12-08T15:54:42.660+0530] {filesystem.py:64} INFO - Poking for file /Users/ramesharra/airflow/data/shopverse/landing/customers/customers_20250104.csv
[2025-12-08T15:54:52.681+0530] {base.py:73} INFO - Using connection ID 'fs_default' for task execution.
[2025-12-08T15:54:52.685+0530] {filesystem.py:64} INFO - Poking for file /Users/ramesharra/airflow/data/shopverse/landing/customers/customers_20250104.csv
[2025-12-08T15:55:02.703+0530] {base.py:73} INFO - Using connection ID 'fs_default' for task execution.
[2025-12-08T15:55:02.705+0530] {filesystem.py:64} INFO - Poking for file /Users/ramesharra/airflow/data/shopverse/landing/customers/customers_20250104.csv
[2025-12-08T15:55:12.715+0530] {base.py:73} INFO - Using connection ID 'fs_default' for task execution.
[2025-12-08T15:55:12.717+0530] {filesystem.py:64} INFO - Poking for file /Users/ramesharra/airflow/data/shopverse/landing/customers/customers_20250104.csv
[2025-12-08T15:55:22.741+0530] {base.py:73} INFO - Using connection ID 'fs_default' for task execution.
[2025-12-08T15:55:22.744+0530] {filesystem.py:64} INFO - Poking for file /Users/ramesharra/airflow/data/shopverse/landing/customers/customers_20250104.csv
[2025-12-08T15:55:32.753+0530] {base.py:73} INFO - Using connection ID 'fs_default' for task execution.
[2025-12-08T15:55:32.755+0530] {filesystem.py:64} INFO - Poking for file /Users/ramesharra/airflow/data/shopverse/landing/customers/customers_20250104.csv
[2025-12-08T15:55:42.758+0530] {base.py:73} INFO - Using connection ID 'fs_default' for task execution.
[2025-12-08T15:55:42.762+0530] {filesystem.py:64} INFO - Poking for file /Users/ramesharra/airflow/data/shopverse/landing/customers/customers_20250104.csv
[2025-12-08T15:55:52.779+0530] {base.py:73} INFO - Using connection ID 'fs_default' for task execution.
[2025-12-08T15:55:52.781+0530] {filesystem.py:64} INFO - Poking for file /Users/ramesharra/airflow/data/shopverse/landing/customers/customers_20250104.csv
[2025-12-08T15:56:02.806+0530] {base.py:73} INFO - Using connection ID 'fs_default' for task execution.
[2025-12-08T15:56:02.809+0530] {filesystem.py:64} INFO - Poking for file /Users/ramesharra/airflow/data/shopverse/landing/customers/customers_20250104.csv
[2025-12-08T15:56:12.820+0530] {base.py:73} INFO - Using connection ID 'fs_default' for task execution.
[2025-12-08T15:56:12.822+0530] {filesystem.py:64} INFO - Poking for file /Users/ramesharra/airflow/data/shopverse/landing/customers/customers_20250104.csv
[2025-12-08T15:56:22.835+0530] {base.py:73} INFO - Using connection ID 'fs_default' for task execution.
[2025-12-08T15:56:22.837+0530] {filesystem.py:64} INFO - Poking for file /Users/ramesharra/airflow/data/shopverse/landing/customers/customers_20250104.csv
[2025-12-08T15:56:32.864+0530] {base.py:73} INFO - Using connection ID 'fs_default' for task execution.
[2025-12-08T15:56:32.867+0530] {filesystem.py:64} INFO - Poking for file /Users/ramesharra/airflow/data/shopverse/landing/customers/customers_20250104.csv
[2025-12-08T15:56:42.876+0530] {base.py:73} INFO - Using connection ID 'fs_default' for task execution.
[2025-12-08T15:56:42.878+0530] {filesystem.py:64} INFO - Poking for file /Users/ramesharra/airflow/data/shopverse/landing/customers/customers_20250104.csv
[2025-12-08T15:56:52.886+0530] {base.py:73} INFO - Using connection ID 'fs_default' for task execution.
[2025-12-08T15:56:52.889+0530] {filesystem.py:64} INFO - Poking for file /Users/ramesharra/airflow/data/shopverse/landing/customers/customers_20250104.csv
[2025-12-08T15:57:02.921+0530] {base.py:73} INFO - Using connection ID 'fs_default' for task execution.
[2025-12-08T15:57:02.924+0530] {filesystem.py:64} INFO - Poking for file /Users/ramesharra/airflow/data/shopverse/landing/customers/customers_20250104.csv
[2025-12-08T15:57:12.932+0530] {base.py:73} INFO - Using connection ID 'fs_default' for task execution.
[2025-12-08T15:57:12.933+0530] {filesystem.py:64} INFO - Poking for file /Users/ramesharra/airflow/data/shopverse/landing/customers/customers_20250104.csv
[2025-12-08T15:57:22.944+0530] {base.py:73} INFO - Using connection ID 'fs_default' for task execution.
[2025-12-08T15:57:22.946+0530] {filesystem.py:64} INFO - Poking for file /Users/ramesharra/airflow/data/shopverse/landing/customers/customers_20250104.csv
[2025-12-08T15:57:32.961+0530] {base.py:73} INFO - Using connection ID 'fs_default' for task execution.
[2025-12-08T15:57:32.964+0530] {filesystem.py:64} INFO - Poking for file /Users/ramesharra/airflow/data/shopverse/landing/customers/customers_20250104.csv
[2025-12-08T15:57:42.972+0530] {base.py:73} INFO - Using connection ID 'fs_default' for task execution.
[2025-12-08T15:57:42.975+0530] {filesystem.py:64} INFO - Poking for file /Users/ramesharra/airflow/data/shopverse/landing/customers/customers_20250104.csv
[2025-12-08T15:57:53.004+0530] {base.py:73} INFO - Using connection ID 'fs_default' for task execution.
[2025-12-08T15:57:53.006+0530] {filesystem.py:64} INFO - Poking for file /Users/ramesharra/airflow/data/shopverse/landing/customers/customers_20250104.csv
[2025-12-08T15:58:03.023+0530] {base.py:73} INFO - Using connection ID 'fs_default' for task execution.
[2025-12-08T15:58:03.028+0530] {filesystem.py:64} INFO - Poking for file /Users/ramesharra/airflow/data/shopverse/landing/customers/customers_20250104.csv
[2025-12-08T15:58:13.039+0530] {base.py:73} INFO - Using connection ID 'fs_default' for task execution.
[2025-12-08T15:58:13.041+0530] {filesystem.py:64} INFO - Poking for file /Users/ramesharra/airflow/data/shopverse/landing/customers/customers_20250104.csv
[2025-12-08T15:58:23.052+0530] {base.py:73} INFO - Using connection ID 'fs_default' for task execution.
[2025-12-08T15:58:23.054+0530] {filesystem.py:64} INFO - Poking for file /Users/ramesharra/airflow/data/shopverse/landing/customers/customers_20250104.csv
[2025-12-08T15:58:33.065+0530] {base.py:73} INFO - Using connection ID 'fs_default' for task execution.
[2025-12-08T15:58:33.067+0530] {filesystem.py:64} INFO - Poking for file /Users/ramesharra/airflow/data/shopverse/landing/customers/customers_20250104.csv
[2025-12-08T15:58:43.073+0530] {base.py:73} INFO - Using connection ID 'fs_default' for task execution.
[2025-12-08T15:58:43.074+0530] {filesystem.py:64} INFO - Poking for file /Users/ramesharra/airflow/data/shopverse/landing/customers/customers_20250104.csv
[2025-12-08T15:58:53.092+0530] {base.py:73} INFO - Using connection ID 'fs_default' for task execution.
[2025-12-08T15:58:53.095+0530] {filesystem.py:64} INFO - Poking for file /Users/ramesharra/airflow/data/shopverse/landing/customers/customers_20250104.csv
[2025-12-08T15:59:03.125+0530] {base.py:73} INFO - Using connection ID 'fs_default' for task execution.
[2025-12-08T15:59:03.127+0530] {filesystem.py:64} INFO - Poking for file /Users/ramesharra/airflow/data/shopverse/landing/customers/customers_20250104.csv
[2025-12-08T15:59:13.144+0530] {base.py:73} INFO - Using connection ID 'fs_default' for task execution.
[2025-12-08T15:59:13.146+0530] {filesystem.py:64} INFO - Poking for file /Users/ramesharra/airflow/data/shopverse/landing/customers/customers_20250104.csv
[2025-12-08T15:59:23.176+0530] {base.py:73} INFO - Using connection ID 'fs_default' for task execution.
[2025-12-08T15:59:23.179+0530] {filesystem.py:64} INFO - Poking for file /Users/ramesharra/airflow/data/shopverse/landing/customers/customers_20250104.csv
[2025-12-08T15:59:33.188+0530] {base.py:73} INFO - Using connection ID 'fs_default' for task execution.
[2025-12-08T15:59:33.190+0530] {filesystem.py:64} INFO - Poking for file /Users/ramesharra/airflow/data/shopverse/landing/customers/customers_20250104.csv
[2025-12-08T15:59:43.205+0530] {base.py:73} INFO - Using connection ID 'fs_default' for task execution.
[2025-12-08T15:59:43.207+0530] {filesystem.py:64} INFO - Poking for file /Users/ramesharra/airflow/data/shopverse/landing/customers/customers_20250104.csv
[2025-12-08T15:59:53.222+0530] {base.py:73} INFO - Using connection ID 'fs_default' for task execution.
[2025-12-08T15:59:53.225+0530] {filesystem.py:64} INFO - Poking for file /Users/ramesharra/airflow/data/shopverse/landing/customers/customers_20250104.csv
[2025-12-08T16:00:03.243+0530] {base.py:73} INFO - Using connection ID 'fs_default' for task execution.
[2025-12-08T16:00:03.247+0530] {filesystem.py:64} INFO - Poking for file /Users/ramesharra/airflow/data/shopverse/landing/customers/customers_20250104.csv
[2025-12-08T16:00:13.270+0530] {base.py:73} INFO - Using connection ID 'fs_default' for task execution.
[2025-12-08T16:00:13.274+0530] {filesystem.py:64} INFO - Poking for file /Users/ramesharra/airflow/data/shopverse/landing/customers/customers_20250104.csv
[2025-12-08T16:00:23.287+0530] {base.py:73} INFO - Using connection ID 'fs_default' for task execution.
[2025-12-08T16:00:23.288+0530] {filesystem.py:64} INFO - Poking for file /Users/ramesharra/airflow/data/shopverse/landing/customers/customers_20250104.csv
[2025-12-08T16:00:33.309+0530] {base.py:73} INFO - Using connection ID 'fs_default' for task execution.
[2025-12-08T16:00:33.310+0530] {filesystem.py:64} INFO - Poking for file /Users/ramesharra/airflow/data/shopverse/landing/customers/customers_20250104.csv
[2025-12-08T16:00:43.329+0530] {base.py:73} INFO - Using connection ID 'fs_default' for task execution.
[2025-12-08T16:00:43.332+0530] {filesystem.py:64} INFO - Poking for file /Users/ramesharra/airflow/data/shopverse/landing/customers/customers_20250104.csv
[2025-12-08T16:00:53.353+0530] {base.py:73} INFO - Using connection ID 'fs_default' for task execution.
[2025-12-08T16:00:53.356+0530] {filesystem.py:64} INFO - Poking for file /Users/ramesharra/airflow/data/shopverse/landing/customers/customers_20250104.csv
[2025-12-08T16:01:03.382+0530] {base.py:73} INFO - Using connection ID 'fs_default' for task execution.
[2025-12-08T16:01:03.384+0530] {filesystem.py:64} INFO - Poking for file /Users/ramesharra/airflow/data/shopverse/landing/customers/customers_20250104.csv
[2025-12-08T16:01:13.408+0530] {base.py:73} INFO - Using connection ID 'fs_default' for task execution.
[2025-12-08T16:01:13.411+0530] {filesystem.py:64} INFO - Poking for file /Users/ramesharra/airflow/data/shopverse/landing/customers/customers_20250104.csv
[2025-12-08T16:01:23.420+0530] {base.py:73} INFO - Using connection ID 'fs_default' for task execution.
[2025-12-08T16:01:23.424+0530] {filesystem.py:64} INFO - Poking for file /Users/ramesharra/airflow/data/shopverse/landing/customers/customers_20250104.csv
[2025-12-08T16:01:33.435+0530] {base.py:73} INFO - Using connection ID 'fs_default' for task execution.
[2025-12-08T16:01:33.438+0530] {filesystem.py:64} INFO - Poking for file /Users/ramesharra/airflow/data/shopverse/landing/customers/customers_20250104.csv
[2025-12-08T16:01:43.449+0530] {base.py:73} INFO - Using connection ID 'fs_default' for task execution.
[2025-12-08T16:01:43.452+0530] {filesystem.py:64} INFO - Poking for file /Users/ramesharra/airflow/data/shopverse/landing/customers/customers_20250104.csv
[2025-12-08T16:01:53.480+0530] {base.py:73} INFO - Using connection ID 'fs_default' for task execution.
[2025-12-08T16:01:53.483+0530] {filesystem.py:64} INFO - Poking for file /Users/ramesharra/airflow/data/shopverse/landing/customers/customers_20250104.csv
[2025-12-08T16:01:53.485+0530] {taskinstance.py:1937} ERROR - Task failed with exception
Traceback (most recent call last):
  File "/Users/ramesharra/airflow310/lib/python3.10/site-packages/airflow/sensors/base.py", line 274, in execute
    raise AirflowSensorTimeout(message)
airflow.exceptions.AirflowSensorTimeout: Sensor has timed out; run duration of 601.3367773339996 seconds exceeds the specified timeout of 600.0.
[2025-12-08T16:01:53.498+0530] {taskinstance.py:1400} INFO - Immediate failure requested. Marking task as FAILED. dag_id=shopverse_daily_pipeline, task_id=wait_customers_file, execution_date=20250104T010000, start_date=20251208T102152, end_date=20251208T103153
[2025-12-08T16:01:53.524+0530] {logging_mixin.py:154} WARNING - /Users/ramesharra/airflow310/lib/python3.10/site-packages/airflow/utils/email.py:154 RemovedInAirflow3Warning: Fetching SMTP credentials from configuration variables will be deprecated in a future release. Please set credentials using a connection instead.
[2025-12-08T16:01:53.524+0530] {configuration.py:1050} WARNING - section/key [smtp/smtp_user] not found in config
[2025-12-08T16:01:53.525+0530] {email.py:270} INFO - Email alerting: attempt 1
[2025-12-08T16:01:53.529+0530] {configuration.py:1050} WARNING - section/key [smtp/smtp_user] not found in config
[2025-12-08T16:01:53.529+0530] {email.py:270} INFO - Email alerting: attempt 1
[2025-12-08T16:01:53.530+0530] {taskinstance.py:2007} ERROR - Failed to send email to: alert@example.com
Traceback (most recent call last):
  File "/Users/ramesharra/airflow310/lib/python3.10/site-packages/airflow/models/taskinstance.py", line 1518, in _run_raw_task
    self._execute_task_with_callbacks(context, test_mode, session=session)
  File "/Users/ramesharra/airflow310/lib/python3.10/site-packages/airflow/models/taskinstance.py", line 1681, in _execute_task_with_callbacks
    result = self._execute_task(context, task_orig)
  File "/Users/ramesharra/airflow310/lib/python3.10/site-packages/airflow/models/taskinstance.py", line 1744, in _execute_task
    result = execute_callable(context=context, **execute_callable_kwargs)
  File "/Users/ramesharra/airflow310/lib/python3.10/site-packages/airflow/sensors/base.py", line 274, in execute
    raise AirflowSensorTimeout(message)
airflow.exceptions.AirflowSensorTimeout: Sensor has timed out; run duration of 601.3367773339996 seconds exceeds the specified timeout of 600.0.

During handling of the above exception, another exception occurred:

Traceback (most recent call last):
  File "/Users/ramesharra/airflow310/lib/python3.10/site-packages/airflow/models/taskinstance.py", line 2420, in email_alert
    send_email(task.email, subject, html_content)
  File "/Users/ramesharra/airflow310/lib/python3.10/site-packages/airflow/utils/email.py", line 80, in send_email
    return backend(
  File "/Users/ramesharra/airflow310/lib/python3.10/site-packages/airflow/utils/email.py", line 154, in send_email_smtp
    send_mime_email(e_from=mail_from, e_to=recipients, mime_msg=msg, conn_id=conn_id, dryrun=dryrun)
  File "/Users/ramesharra/airflow310/lib/python3.10/site-packages/airflow/utils/email.py", line 272, in send_mime_email
    smtp_conn = _get_smtp_connection(smtp_host, smtp_port, smtp_timeout, smtp_ssl)
  File "/Users/ramesharra/airflow310/lib/python3.10/site-packages/airflow/utils/email.py", line 316, in _get_smtp_connection
    return smtplib.SMTP(host=host, port=port, timeout=timeout)
  File "/opt/homebrew/Cellar/python@3.10/3.10.19_1/Frameworks/Python.framework/Versions/3.10/lib/python3.10/smtplib.py", line 255, in __init__
    (code, msg) = self.connect(host, port)
  File "/opt/homebrew/Cellar/python@3.10/3.10.19_1/Frameworks/Python.framework/Versions/3.10/lib/python3.10/smtplib.py", line 341, in connect
    self.sock = self._get_socket(host, port, self.timeout)
  File "/opt/homebrew/Cellar/python@3.10/3.10.19_1/Frameworks/Python.framework/Versions/3.10/lib/python3.10/smtplib.py", line 312, in _get_socket
    return socket.create_connection((host, port), timeout,
  File "/opt/homebrew/Cellar/python@3.10/3.10.19_1/Frameworks/Python.framework/Versions/3.10/lib/python3.10/socket.py", line 857, in create_connection
    raise err
  File "/opt/homebrew/Cellar/python@3.10/3.10.19_1/Frameworks/Python.framework/Versions/3.10/lib/python3.10/socket.py", line 845, in create_connection
    sock.connect(sa)
ConnectionRefusedError: [Errno 61] Connection refused

During handling of the above exception, another exception occurred:

Traceback (most recent call last):
  File "/Users/ramesharra/airflow310/lib/python3.10/site-packages/airflow/models/taskinstance.py", line 2005, in handle_failure
    self.email_alert(error, task)
  File "/Users/ramesharra/airflow310/lib/python3.10/site-packages/airflow/models/taskinstance.py", line 2422, in email_alert
    send_email(task.email, subject, html_content_err)
  File "/Users/ramesharra/airflow310/lib/python3.10/site-packages/airflow/utils/email.py", line 80, in send_email
    return backend(
  File "/Users/ramesharra/airflow310/lib/python3.10/site-packages/airflow/utils/email.py", line 154, in send_email_smtp
    send_mime_email(e_from=mail_from, e_to=recipients, mime_msg=msg, conn_id=conn_id, dryrun=dryrun)
  File "/Users/ramesharra/airflow310/lib/python3.10/site-packages/airflow/utils/email.py", line 272, in send_mime_email
    smtp_conn = _get_smtp_connection(smtp_host, smtp_port, smtp_timeout, smtp_ssl)
  File "/Users/ramesharra/airflow310/lib/python3.10/site-packages/airflow/utils/email.py", line 316, in _get_smtp_connection
    return smtplib.SMTP(host=host, port=port, timeout=timeout)
  File "/opt/homebrew/Cellar/python@3.10/3.10.19_1/Frameworks/Python.framework/Versions/3.10/lib/python3.10/smtplib.py", line 255, in __init__
    (code, msg) = self.connect(host, port)
  File "/opt/homebrew/Cellar/python@3.10/3.10.19_1/Frameworks/Python.framework/Versions/3.10/lib/python3.10/smtplib.py", line 341, in connect
    self.sock = self._get_socket(host, port, self.timeout)
  File "/opt/homebrew/Cellar/python@3.10/3.10.19_1/Frameworks/Python.framework/Versions/3.10/lib/python3.10/smtplib.py", line 312, in _get_socket
    return socket.create_connection((host, port), timeout,
  File "/opt/homebrew/Cellar/python@3.10/3.10.19_1/Frameworks/Python.framework/Versions/3.10/lib/python3.10/socket.py", line 857, in create_connection
    raise err
  File "/opt/homebrew/Cellar/python@3.10/3.10.19_1/Frameworks/Python.framework/Versions/3.10/lib/python3.10/socket.py", line 845, in create_connection
    sock.connect(sa)
ConnectionRefusedError: [Errno 61] Connection refused
[2025-12-08T16:01:53.539+0530] {standard_task_runner.py:104} ERROR - Failed to execute job 36 for task wait_customers_file (Sensor has timed out; run duration of 601.3367773339996 seconds exceeds the specified timeout of 600.0.; 16498)
[2025-12-08T16:01:53.574+0530] {local_task_job_runner.py:228} INFO - Task exited with return code 1
[2025-12-08T16:01:53.594+0530] {taskinstance.py:2778} INFO - 0 downstream tasks scheduled from follow-on schedule check
