[2025-12-08T15:01:27.575+0530] {taskinstance.py:1159} INFO - Dependencies all met for dep_context=non-requeueable deps ti=<TaskInstance: shopverse_daily_pipeline.wait_products_file scheduled__2025-01-01T01:00:00+00:00 [queued]>
[2025-12-08T15:01:27.578+0530] {taskinstance.py:1159} INFO - Dependencies all met for dep_context=requeueable deps ti=<TaskInstance: shopverse_daily_pipeline.wait_products_file scheduled__2025-01-01T01:00:00+00:00 [queued]>
[2025-12-08T15:01:27.578+0530] {taskinstance.py:1361} INFO - Starting attempt 2 of 2
[2025-12-08T15:01:27.583+0530] {taskinstance.py:1382} INFO - Executing <Task(FileSensor): wait_products_file> on 2025-01-01 01:00:00+00:00
[2025-12-08T15:01:27.587+0530] {standard_task_runner.py:57} INFO - Started process 14451 to run task
[2025-12-08T15:01:27.590+0530] {standard_task_runner.py:84} INFO - Running: ['airflow', 'tasks', 'run', 'shopverse_daily_pipeline', 'wait_products_file', 'scheduled__2025-01-01T01:00:00+00:00', '--job-id', '10', '--raw', '--subdir', 'DAGS_FOLDER/shopverse_daily_pipeline.py', '--cfg-path', '/var/folders/0m/k_9_7kw56svf7_nstcht_jzw0000gn/T/tmpggwwdzgk']
[2025-12-08T15:01:27.591+0530] {standard_task_runner.py:85} INFO - Job 10: Subtask wait_products_file
[2025-12-08T15:01:27.609+0530] {task_command.py:416} INFO - Running <TaskInstance: shopverse_daily_pipeline.wait_products_file scheduled__2025-01-01T01:00:00+00:00 [running]> on host pranavis-macbook-air.local
[2025-12-08T15:01:27.626+0530] {taskinstance.py:1662} INFO - Exporting env vars: AIRFLOW_CTX_DAG_EMAIL='alert@example.com' AIRFLOW_CTX_DAG_OWNER='shopverse_de' AIRFLOW_CTX_DAG_ID='shopverse_daily_pipeline' AIRFLOW_CTX_TASK_ID='wait_products_file' AIRFLOW_CTX_EXECUTION_DATE='2025-01-01T01:00:00+00:00' AIRFLOW_CTX_TRY_NUMBER='2' AIRFLOW_CTX_DAG_RUN_ID='scheduled__2025-01-01T01:00:00+00:00'
[2025-12-08T15:01:27.629+0530] {base.py:73} INFO - Using connection ID 'fs_default' for task execution.
[2025-12-08T15:01:27.629+0530] {filesystem.py:64} INFO - Poking for file /Users/ramesharra/airflow/data/shopverse/landing/products/products_20250101.csv
[2025-12-08T15:01:37.650+0530] {base.py:73} INFO - Using connection ID 'fs_default' for task execution.
[2025-12-08T15:01:37.652+0530] {filesystem.py:64} INFO - Poking for file /Users/ramesharra/airflow/data/shopverse/landing/products/products_20250101.csv
[2025-12-08T15:01:47.673+0530] {base.py:73} INFO - Using connection ID 'fs_default' for task execution.
[2025-12-08T15:01:47.676+0530] {filesystem.py:64} INFO - Poking for file /Users/ramesharra/airflow/data/shopverse/landing/products/products_20250101.csv
[2025-12-08T15:01:57.706+0530] {base.py:73} INFO - Using connection ID 'fs_default' for task execution.
[2025-12-08T15:01:57.710+0530] {filesystem.py:64} INFO - Poking for file /Users/ramesharra/airflow/data/shopverse/landing/products/products_20250101.csv
[2025-12-08T15:02:07.735+0530] {base.py:73} INFO - Using connection ID 'fs_default' for task execution.
[2025-12-08T15:02:07.738+0530] {filesystem.py:64} INFO - Poking for file /Users/ramesharra/airflow/data/shopverse/landing/products/products_20250101.csv
[2025-12-08T15:02:17.763+0530] {base.py:73} INFO - Using connection ID 'fs_default' for task execution.
[2025-12-08T15:02:17.766+0530] {filesystem.py:64} INFO - Poking for file /Users/ramesharra/airflow/data/shopverse/landing/products/products_20250101.csv
[2025-12-08T15:02:27.787+0530] {base.py:73} INFO - Using connection ID 'fs_default' for task execution.
[2025-12-08T15:02:27.790+0530] {filesystem.py:64} INFO - Poking for file /Users/ramesharra/airflow/data/shopverse/landing/products/products_20250101.csv
[2025-12-08T15:02:37.852+0530] {base.py:73} INFO - Using connection ID 'fs_default' for task execution.
[2025-12-08T15:02:37.857+0530] {filesystem.py:64} INFO - Poking for file /Users/ramesharra/airflow/data/shopverse/landing/products/products_20250101.csv
[2025-12-08T15:02:47.889+0530] {base.py:73} INFO - Using connection ID 'fs_default' for task execution.
[2025-12-08T15:02:47.892+0530] {filesystem.py:64} INFO - Poking for file /Users/ramesharra/airflow/data/shopverse/landing/products/products_20250101.csv
[2025-12-08T15:02:57.915+0530] {base.py:73} INFO - Using connection ID 'fs_default' for task execution.
[2025-12-08T15:02:57.926+0530] {filesystem.py:64} INFO - Poking for file /Users/ramesharra/airflow/data/shopverse/landing/products/products_20250101.csv
[2025-12-08T15:03:07.958+0530] {base.py:73} INFO - Using connection ID 'fs_default' for task execution.
[2025-12-08T15:03:07.960+0530] {filesystem.py:64} INFO - Poking for file /Users/ramesharra/airflow/data/shopverse/landing/products/products_20250101.csv
[2025-12-08T15:03:17.982+0530] {base.py:73} INFO - Using connection ID 'fs_default' for task execution.
[2025-12-08T15:03:17.984+0530] {filesystem.py:64} INFO - Poking for file /Users/ramesharra/airflow/data/shopverse/landing/products/products_20250101.csv
[2025-12-08T15:03:28.021+0530] {base.py:73} INFO - Using connection ID 'fs_default' for task execution.
[2025-12-08T15:03:28.024+0530] {filesystem.py:64} INFO - Poking for file /Users/ramesharra/airflow/data/shopverse/landing/products/products_20250101.csv
[2025-12-08T15:03:38.046+0530] {base.py:73} INFO - Using connection ID 'fs_default' for task execution.
[2025-12-08T15:03:38.052+0530] {filesystem.py:64} INFO - Poking for file /Users/ramesharra/airflow/data/shopverse/landing/products/products_20250101.csv
[2025-12-08T15:03:48.072+0530] {base.py:73} INFO - Using connection ID 'fs_default' for task execution.
[2025-12-08T15:03:48.078+0530] {filesystem.py:64} INFO - Poking for file /Users/ramesharra/airflow/data/shopverse/landing/products/products_20250101.csv
[2025-12-08T15:03:58.106+0530] {base.py:73} INFO - Using connection ID 'fs_default' for task execution.
[2025-12-08T15:03:58.110+0530] {filesystem.py:64} INFO - Poking for file /Users/ramesharra/airflow/data/shopverse/landing/products/products_20250101.csv
[2025-12-08T15:04:08.129+0530] {base.py:73} INFO - Using connection ID 'fs_default' for task execution.
[2025-12-08T15:04:08.132+0530] {filesystem.py:64} INFO - Poking for file /Users/ramesharra/airflow/data/shopverse/landing/products/products_20250101.csv
[2025-12-08T15:04:18.162+0530] {base.py:73} INFO - Using connection ID 'fs_default' for task execution.
[2025-12-08T15:04:18.168+0530] {filesystem.py:64} INFO - Poking for file /Users/ramesharra/airflow/data/shopverse/landing/products/products_20250101.csv
[2025-12-08T15:04:28.186+0530] {base.py:73} INFO - Using connection ID 'fs_default' for task execution.
[2025-12-08T15:04:28.189+0530] {filesystem.py:64} INFO - Poking for file /Users/ramesharra/airflow/data/shopverse/landing/products/products_20250101.csv
[2025-12-08T15:04:38.210+0530] {base.py:73} INFO - Using connection ID 'fs_default' for task execution.
[2025-12-08T15:04:38.211+0530] {filesystem.py:64} INFO - Poking for file /Users/ramesharra/airflow/data/shopverse/landing/products/products_20250101.csv
[2025-12-08T15:04:48.231+0530] {base.py:73} INFO - Using connection ID 'fs_default' for task execution.
[2025-12-08T15:04:48.233+0530] {filesystem.py:64} INFO - Poking for file /Users/ramesharra/airflow/data/shopverse/landing/products/products_20250101.csv
[2025-12-08T15:04:58.255+0530] {base.py:73} INFO - Using connection ID 'fs_default' for task execution.
[2025-12-08T15:04:58.257+0530] {filesystem.py:64} INFO - Poking for file /Users/ramesharra/airflow/data/shopverse/landing/products/products_20250101.csv
[2025-12-08T15:05:08.268+0530] {base.py:73} INFO - Using connection ID 'fs_default' for task execution.
[2025-12-08T15:05:08.270+0530] {filesystem.py:64} INFO - Poking for file /Users/ramesharra/airflow/data/shopverse/landing/products/products_20250101.csv
[2025-12-08T15:05:18.291+0530] {base.py:73} INFO - Using connection ID 'fs_default' for task execution.
[2025-12-08T15:05:18.297+0530] {filesystem.py:64} INFO - Poking for file /Users/ramesharra/airflow/data/shopverse/landing/products/products_20250101.csv
[2025-12-08T15:05:28.324+0530] {base.py:73} INFO - Using connection ID 'fs_default' for task execution.
[2025-12-08T15:05:28.326+0530] {filesystem.py:64} INFO - Poking for file /Users/ramesharra/airflow/data/shopverse/landing/products/products_20250101.csv
[2025-12-08T15:05:38.340+0530] {base.py:73} INFO - Using connection ID 'fs_default' for task execution.
[2025-12-08T15:05:38.342+0530] {filesystem.py:64} INFO - Poking for file /Users/ramesharra/airflow/data/shopverse/landing/products/products_20250101.csv
[2025-12-08T15:05:48.367+0530] {base.py:73} INFO - Using connection ID 'fs_default' for task execution.
[2025-12-08T15:05:48.369+0530] {filesystem.py:64} INFO - Poking for file /Users/ramesharra/airflow/data/shopverse/landing/products/products_20250101.csv
[2025-12-08T15:05:58.388+0530] {base.py:73} INFO - Using connection ID 'fs_default' for task execution.
[2025-12-08T15:05:58.389+0530] {filesystem.py:64} INFO - Poking for file /Users/ramesharra/airflow/data/shopverse/landing/products/products_20250101.csv
[2025-12-08T15:06:08.411+0530] {base.py:73} INFO - Using connection ID 'fs_default' for task execution.
[2025-12-08T15:06:08.413+0530] {filesystem.py:64} INFO - Poking for file /Users/ramesharra/airflow/data/shopverse/landing/products/products_20250101.csv
[2025-12-08T15:06:18.442+0530] {base.py:73} INFO - Using connection ID 'fs_default' for task execution.
[2025-12-08T15:06:18.444+0530] {filesystem.py:64} INFO - Poking for file /Users/ramesharra/airflow/data/shopverse/landing/products/products_20250101.csv
[2025-12-08T15:06:28.467+0530] {base.py:73} INFO - Using connection ID 'fs_default' for task execution.
[2025-12-08T15:06:28.469+0530] {filesystem.py:64} INFO - Poking for file /Users/ramesharra/airflow/data/shopverse/landing/products/products_20250101.csv
[2025-12-08T15:06:38.488+0530] {base.py:73} INFO - Using connection ID 'fs_default' for task execution.
[2025-12-08T15:06:38.494+0530] {filesystem.py:64} INFO - Poking for file /Users/ramesharra/airflow/data/shopverse/landing/products/products_20250101.csv
[2025-12-08T15:06:48.512+0530] {base.py:73} INFO - Using connection ID 'fs_default' for task execution.
[2025-12-08T15:06:48.514+0530] {filesystem.py:64} INFO - Poking for file /Users/ramesharra/airflow/data/shopverse/landing/products/products_20250101.csv
[2025-12-08T15:06:58.533+0530] {base.py:73} INFO - Using connection ID 'fs_default' for task execution.
[2025-12-08T15:06:58.535+0530] {filesystem.py:64} INFO - Poking for file /Users/ramesharra/airflow/data/shopverse/landing/products/products_20250101.csv
[2025-12-08T15:07:08.561+0530] {base.py:73} INFO - Using connection ID 'fs_default' for task execution.
[2025-12-08T15:07:08.566+0530] {filesystem.py:64} INFO - Poking for file /Users/ramesharra/airflow/data/shopverse/landing/products/products_20250101.csv
[2025-12-08T15:07:18.593+0530] {base.py:73} INFO - Using connection ID 'fs_default' for task execution.
[2025-12-08T15:07:18.594+0530] {filesystem.py:64} INFO - Poking for file /Users/ramesharra/airflow/data/shopverse/landing/products/products_20250101.csv
[2025-12-08T15:07:28.619+0530] {base.py:73} INFO - Using connection ID 'fs_default' for task execution.
[2025-12-08T15:07:28.624+0530] {filesystem.py:64} INFO - Poking for file /Users/ramesharra/airflow/data/shopverse/landing/products/products_20250101.csv
[2025-12-08T15:07:38.651+0530] {base.py:73} INFO - Using connection ID 'fs_default' for task execution.
[2025-12-08T15:07:38.654+0530] {filesystem.py:64} INFO - Poking for file /Users/ramesharra/airflow/data/shopverse/landing/products/products_20250101.csv
[2025-12-08T15:07:48.678+0530] {base.py:73} INFO - Using connection ID 'fs_default' for task execution.
[2025-12-08T15:07:48.681+0530] {filesystem.py:64} INFO - Poking for file /Users/ramesharra/airflow/data/shopverse/landing/products/products_20250101.csv
[2025-12-08T15:07:52.680+0530] {local_task_job_runner.py:115} ERROR - Received SIGTERM. Terminating subprocesses
[2025-12-08T15:07:52.683+0530] {taskinstance.py:1632} ERROR - Received SIGTERM. Terminating subprocesses.
[2025-12-08T15:07:52.686+0530] {process_utils.py:131} INFO - Sending Signals.SIGTERM to group 14451. PIDs of all processes in the group: [14451]
[2025-12-08T15:07:52.686+0530] {process_utils.py:86} INFO - Sending the signal Signals.SIGTERM to group 14451
[2025-12-08T15:07:52.687+0530] {taskinstance.py:1632} ERROR - Received SIGTERM. Terminating subprocesses.
[2025-12-08T15:07:52.705+0530] {taskinstance.py:1937} ERROR - Task failed with exception
Traceback (most recent call last):
  File "/Users/ramesharra/airflow310/lib/python3.10/site-packages/airflow/sensors/base.py", line 285, in execute
    time.sleep(self._get_next_poke_interval(started_at, run_duration, try_number))
  File "/Users/ramesharra/airflow310/lib/python3.10/site-packages/airflow/models/taskinstance.py", line 1634, in signal_handler
    raise AirflowException("Task received SIGTERM signal")
  File "/Users/ramesharra/airflow310/lib/python3.10/site-packages/airflow/models/taskinstance.py", line 1634, in signal_handler
    raise AirflowException("Task received SIGTERM signal")
airflow.exceptions.AirflowException: Task received SIGTERM signal
[2025-12-08T15:07:52.708+0530] {taskinstance.py:1400} INFO - Marking task as FAILED. dag_id=shopverse_daily_pipeline, task_id=wait_products_file, execution_date=20250101T010000, start_date=20251208T093127, end_date=20251208T093752
[2025-12-08T15:07:52.752+0530] {logging_mixin.py:154} WARNING - /Users/ramesharra/airflow310/lib/python3.10/site-packages/airflow/utils/email.py:154 RemovedInAirflow3Warning: Fetching SMTP credentials from configuration variables will be deprecated in a future release. Please set credentials using a connection instead.
[2025-12-08T15:07:52.753+0530] {configuration.py:1050} WARNING - section/key [smtp/smtp_user] not found in config
[2025-12-08T15:07:52.753+0530] {email.py:270} INFO - Email alerting: attempt 1
[2025-12-08T15:07:52.761+0530] {configuration.py:1050} WARNING - section/key [smtp/smtp_user] not found in config
[2025-12-08T15:07:52.762+0530] {email.py:270} INFO - Email alerting: attempt 1
[2025-12-08T15:07:52.763+0530] {taskinstance.py:2007} ERROR - Failed to send email to: alert@example.com
Traceback (most recent call last):
  File "/Users/ramesharra/airflow310/lib/python3.10/site-packages/airflow/models/taskinstance.py", line 1518, in _run_raw_task
    self._execute_task_with_callbacks(context, test_mode, session=session)
  File "/Users/ramesharra/airflow310/lib/python3.10/site-packages/airflow/models/taskinstance.py", line 1681, in _execute_task_with_callbacks
    result = self._execute_task(context, task_orig)
  File "/Users/ramesharra/airflow310/lib/python3.10/site-packages/airflow/models/taskinstance.py", line 1744, in _execute_task
    result = execute_callable(context=context, **execute_callable_kwargs)
  File "/Users/ramesharra/airflow310/lib/python3.10/site-packages/airflow/sensors/base.py", line 285, in execute
    time.sleep(self._get_next_poke_interval(started_at, run_duration, try_number))
  File "/Users/ramesharra/airflow310/lib/python3.10/site-packages/airflow/models/taskinstance.py", line 1634, in signal_handler
    raise AirflowException("Task received SIGTERM signal")
  File "/Users/ramesharra/airflow310/lib/python3.10/site-packages/airflow/models/taskinstance.py", line 1634, in signal_handler
    raise AirflowException("Task received SIGTERM signal")
airflow.exceptions.AirflowException: Task received SIGTERM signal

During handling of the above exception, another exception occurred:

Traceback (most recent call last):
  File "/Users/ramesharra/airflow310/lib/python3.10/site-packages/airflow/models/taskinstance.py", line 2420, in email_alert
    send_email(task.email, subject, html_content)
  File "/Users/ramesharra/airflow310/lib/python3.10/site-packages/airflow/utils/email.py", line 80, in send_email
    return backend(
  File "/Users/ramesharra/airflow310/lib/python3.10/site-packages/airflow/utils/email.py", line 154, in send_email_smtp
    send_mime_email(e_from=mail_from, e_to=recipients, mime_msg=msg, conn_id=conn_id, dryrun=dryrun)
  File "/Users/ramesharra/airflow310/lib/python3.10/site-packages/airflow/utils/email.py", line 272, in send_mime_email
    smtp_conn = _get_smtp_connection(smtp_host, smtp_port, smtp_timeout, smtp_ssl)
  File "/Users/ramesharra/airflow310/lib/python3.10/site-packages/airflow/utils/email.py", line 316, in _get_smtp_connection
    return smtplib.SMTP(host=host, port=port, timeout=timeout)
  File "/opt/homebrew/Cellar/python@3.10/3.10.19_1/Frameworks/Python.framework/Versions/3.10/lib/python3.10/smtplib.py", line 255, in __init__
    (code, msg) = self.connect(host, port)
  File "/opt/homebrew/Cellar/python@3.10/3.10.19_1/Frameworks/Python.framework/Versions/3.10/lib/python3.10/smtplib.py", line 341, in connect
    self.sock = self._get_socket(host, port, self.timeout)
  File "/opt/homebrew/Cellar/python@3.10/3.10.19_1/Frameworks/Python.framework/Versions/3.10/lib/python3.10/smtplib.py", line 312, in _get_socket
    return socket.create_connection((host, port), timeout,
  File "/opt/homebrew/Cellar/python@3.10/3.10.19_1/Frameworks/Python.framework/Versions/3.10/lib/python3.10/socket.py", line 857, in create_connection
    raise err
  File "/opt/homebrew/Cellar/python@3.10/3.10.19_1/Frameworks/Python.framework/Versions/3.10/lib/python3.10/socket.py", line 845, in create_connection
    sock.connect(sa)
ConnectionRefusedError: [Errno 61] Connection refused

During handling of the above exception, another exception occurred:

Traceback (most recent call last):
  File "/Users/ramesharra/airflow310/lib/python3.10/site-packages/airflow/models/taskinstance.py", line 2005, in handle_failure
    self.email_alert(error, task)
  File "/Users/ramesharra/airflow310/lib/python3.10/site-packages/airflow/models/taskinstance.py", line 2422, in email_alert
    send_email(task.email, subject, html_content_err)
  File "/Users/ramesharra/airflow310/lib/python3.10/site-packages/airflow/utils/email.py", line 80, in send_email
    return backend(
  File "/Users/ramesharra/airflow310/lib/python3.10/site-packages/airflow/utils/email.py", line 154, in send_email_smtp
    send_mime_email(e_from=mail_from, e_to=recipients, mime_msg=msg, conn_id=conn_id, dryrun=dryrun)
  File "/Users/ramesharra/airflow310/lib/python3.10/site-packages/airflow/utils/email.py", line 272, in send_mime_email
    smtp_conn = _get_smtp_connection(smtp_host, smtp_port, smtp_timeout, smtp_ssl)
  File "/Users/ramesharra/airflow310/lib/python3.10/site-packages/airflow/utils/email.py", line 316, in _get_smtp_connection
    return smtplib.SMTP(host=host, port=port, timeout=timeout)
  File "/opt/homebrew/Cellar/python@3.10/3.10.19_1/Frameworks/Python.framework/Versions/3.10/lib/python3.10/smtplib.py", line 255, in __init__
    (code, msg) = self.connect(host, port)
  File "/opt/homebrew/Cellar/python@3.10/3.10.19_1/Frameworks/Python.framework/Versions/3.10/lib/python3.10/smtplib.py", line 341, in connect
    self.sock = self._get_socket(host, port, self.timeout)
  File "/opt/homebrew/Cellar/python@3.10/3.10.19_1/Frameworks/Python.framework/Versions/3.10/lib/python3.10/smtplib.py", line 312, in _get_socket
    return socket.create_connection((host, port), timeout,
  File "/opt/homebrew/Cellar/python@3.10/3.10.19_1/Frameworks/Python.framework/Versions/3.10/lib/python3.10/socket.py", line 857, in create_connection
    raise err
  File "/opt/homebrew/Cellar/python@3.10/3.10.19_1/Frameworks/Python.framework/Versions/3.10/lib/python3.10/socket.py", line 845, in create_connection
    sock.connect(sa)
ConnectionRefusedError: [Errno 61] Connection refused
[2025-12-08T15:07:52.773+0530] {standard_task_runner.py:104} ERROR - Failed to execute job 10 for task wait_products_file (Task received SIGTERM signal; 14451)
