[2025-12-08T15:19:27.967+0530] {taskinstance.py:1159} INFO - Dependencies all met for dep_context=non-requeueable deps ti=<TaskInstance: shopverse_daily_pipeline.wait_products_file scheduled__2025-01-02T01:00:00+00:00 [queued]>
[2025-12-08T15:19:27.970+0530] {taskinstance.py:1159} INFO - Dependencies all met for dep_context=requeueable deps ti=<TaskInstance: shopverse_daily_pipeline.wait_products_file scheduled__2025-01-02T01:00:00+00:00 [queued]>
[2025-12-08T15:19:27.970+0530] {taskinstance.py:1361} INFO - Starting attempt 1 of 2
[2025-12-08T15:19:27.975+0530] {taskinstance.py:1382} INFO - Executing <Task(FileSensor): wait_products_file> on 2025-01-02 01:00:00+00:00
[2025-12-08T15:19:27.979+0530] {standard_task_runner.py:57} INFO - Started process 15226 to run task
[2025-12-08T15:19:27.982+0530] {standard_task_runner.py:84} INFO - Running: ['airflow', 'tasks', 'run', 'shopverse_daily_pipeline', 'wait_products_file', 'scheduled__2025-01-02T01:00:00+00:00', '--job-id', '16', '--raw', '--subdir', 'DAGS_FOLDER/shopverse_daily_pipeline.py', '--cfg-path', '/var/folders/0m/k_9_7kw56svf7_nstcht_jzw0000gn/T/tmpsp0bkctw']
[2025-12-08T15:19:27.984+0530] {standard_task_runner.py:85} INFO - Job 16: Subtask wait_products_file
[2025-12-08T15:19:28.006+0530] {task_command.py:416} INFO - Running <TaskInstance: shopverse_daily_pipeline.wait_products_file scheduled__2025-01-02T01:00:00+00:00 [running]> on host pranavis-macbook-air.local
[2025-12-08T15:19:28.026+0530] {taskinstance.py:1662} INFO - Exporting env vars: AIRFLOW_CTX_DAG_EMAIL='alert@example.com' AIRFLOW_CTX_DAG_OWNER='shopverse_de' AIRFLOW_CTX_DAG_ID='shopverse_daily_pipeline' AIRFLOW_CTX_TASK_ID='wait_products_file' AIRFLOW_CTX_EXECUTION_DATE='2025-01-02T01:00:00+00:00' AIRFLOW_CTX_TRY_NUMBER='1' AIRFLOW_CTX_DAG_RUN_ID='scheduled__2025-01-02T01:00:00+00:00'
[2025-12-08T15:19:28.029+0530] {base.py:73} INFO - Using connection ID 'fs_default' for task execution.
[2025-12-08T15:19:28.029+0530] {filesystem.py:64} INFO - Poking for file /Users/ramesharra/airflow/data/shopverse/landing/products/products_20250102.csv
[2025-12-08T15:19:38.061+0530] {base.py:73} INFO - Using connection ID 'fs_default' for task execution.
[2025-12-08T15:19:38.063+0530] {filesystem.py:64} INFO - Poking for file /Users/ramesharra/airflow/data/shopverse/landing/products/products_20250102.csv
[2025-12-08T15:19:48.085+0530] {base.py:73} INFO - Using connection ID 'fs_default' for task execution.
[2025-12-08T15:19:48.087+0530] {filesystem.py:64} INFO - Poking for file /Users/ramesharra/airflow/data/shopverse/landing/products/products_20250102.csv
[2025-12-08T15:19:58.113+0530] {base.py:73} INFO - Using connection ID 'fs_default' for task execution.
[2025-12-08T15:19:58.115+0530] {filesystem.py:64} INFO - Poking for file /Users/ramesharra/airflow/data/shopverse/landing/products/products_20250102.csv
[2025-12-08T15:20:08.131+0530] {base.py:73} INFO - Using connection ID 'fs_default' for task execution.
[2025-12-08T15:20:08.134+0530] {filesystem.py:64} INFO - Poking for file /Users/ramesharra/airflow/data/shopverse/landing/products/products_20250102.csv
[2025-12-08T15:20:18.155+0530] {base.py:73} INFO - Using connection ID 'fs_default' for task execution.
[2025-12-08T15:20:18.159+0530] {filesystem.py:64} INFO - Poking for file /Users/ramesharra/airflow/data/shopverse/landing/products/products_20250102.csv
[2025-12-08T15:20:28.178+0530] {base.py:73} INFO - Using connection ID 'fs_default' for task execution.
[2025-12-08T15:20:28.180+0530] {filesystem.py:64} INFO - Poking for file /Users/ramesharra/airflow/data/shopverse/landing/products/products_20250102.csv
[2025-12-08T15:20:38.199+0530] {base.py:73} INFO - Using connection ID 'fs_default' for task execution.
[2025-12-08T15:20:38.201+0530] {filesystem.py:64} INFO - Poking for file /Users/ramesharra/airflow/data/shopverse/landing/products/products_20250102.csv
[2025-12-08T15:20:48.218+0530] {base.py:73} INFO - Using connection ID 'fs_default' for task execution.
[2025-12-08T15:20:48.221+0530] {filesystem.py:64} INFO - Poking for file /Users/ramesharra/airflow/data/shopverse/landing/products/products_20250102.csv
[2025-12-08T15:20:58.247+0530] {base.py:73} INFO - Using connection ID 'fs_default' for task execution.
[2025-12-08T15:20:58.253+0530] {filesystem.py:64} INFO - Poking for file /Users/ramesharra/airflow/data/shopverse/landing/products/products_20250102.csv
[2025-12-08T15:21:08.268+0530] {base.py:73} INFO - Using connection ID 'fs_default' for task execution.
[2025-12-08T15:21:08.270+0530] {filesystem.py:64} INFO - Poking for file /Users/ramesharra/airflow/data/shopverse/landing/products/products_20250102.csv
[2025-12-08T15:21:18.299+0530] {base.py:73} INFO - Using connection ID 'fs_default' for task execution.
[2025-12-08T15:21:18.301+0530] {filesystem.py:64} INFO - Poking for file /Users/ramesharra/airflow/data/shopverse/landing/products/products_20250102.csv
[2025-12-08T15:21:28.322+0530] {base.py:73} INFO - Using connection ID 'fs_default' for task execution.
[2025-12-08T15:21:28.328+0530] {filesystem.py:64} INFO - Poking for file /Users/ramesharra/airflow/data/shopverse/landing/products/products_20250102.csv
[2025-12-08T15:21:38.356+0530] {base.py:73} INFO - Using connection ID 'fs_default' for task execution.
[2025-12-08T15:21:38.360+0530] {filesystem.py:64} INFO - Poking for file /Users/ramesharra/airflow/data/shopverse/landing/products/products_20250102.csv
[2025-12-08T15:21:48.382+0530] {base.py:73} INFO - Using connection ID 'fs_default' for task execution.
[2025-12-08T15:21:48.388+0530] {filesystem.py:64} INFO - Poking for file /Users/ramesharra/airflow/data/shopverse/landing/products/products_20250102.csv
[2025-12-08T15:21:58.406+0530] {base.py:73} INFO - Using connection ID 'fs_default' for task execution.
[2025-12-08T15:21:58.408+0530] {filesystem.py:64} INFO - Poking for file /Users/ramesharra/airflow/data/shopverse/landing/products/products_20250102.csv
[2025-12-08T15:22:08.428+0530] {base.py:73} INFO - Using connection ID 'fs_default' for task execution.
[2025-12-08T15:22:08.436+0530] {filesystem.py:64} INFO - Poking for file /Users/ramesharra/airflow/data/shopverse/landing/products/products_20250102.csv
[2025-12-08T15:22:18.464+0530] {base.py:73} INFO - Using connection ID 'fs_default' for task execution.
[2025-12-08T15:22:18.467+0530] {filesystem.py:64} INFO - Poking for file /Users/ramesharra/airflow/data/shopverse/landing/products/products_20250102.csv
[2025-12-08T15:22:28.491+0530] {base.py:73} INFO - Using connection ID 'fs_default' for task execution.
[2025-12-08T15:22:28.494+0530] {filesystem.py:64} INFO - Poking for file /Users/ramesharra/airflow/data/shopverse/landing/products/products_20250102.csv
[2025-12-08T15:22:38.528+0530] {base.py:73} INFO - Using connection ID 'fs_default' for task execution.
[2025-12-08T15:22:38.531+0530] {filesystem.py:64} INFO - Poking for file /Users/ramesharra/airflow/data/shopverse/landing/products/products_20250102.csv
[2025-12-08T15:22:48.549+0530] {base.py:73} INFO - Using connection ID 'fs_default' for task execution.
[2025-12-08T15:22:48.551+0530] {filesystem.py:64} INFO - Poking for file /Users/ramesharra/airflow/data/shopverse/landing/products/products_20250102.csv
[2025-12-08T15:22:58.568+0530] {base.py:73} INFO - Using connection ID 'fs_default' for task execution.
[2025-12-08T15:22:58.570+0530] {filesystem.py:64} INFO - Poking for file /Users/ramesharra/airflow/data/shopverse/landing/products/products_20250102.csv
[2025-12-08T15:23:08.594+0530] {base.py:73} INFO - Using connection ID 'fs_default' for task execution.
[2025-12-08T15:23:08.598+0530] {filesystem.py:64} INFO - Poking for file /Users/ramesharra/airflow/data/shopverse/landing/products/products_20250102.csv
[2025-12-08T15:23:18.617+0530] {base.py:73} INFO - Using connection ID 'fs_default' for task execution.
[2025-12-08T15:23:18.620+0530] {filesystem.py:64} INFO - Poking for file /Users/ramesharra/airflow/data/shopverse/landing/products/products_20250102.csv
[2025-12-08T15:23:28.644+0530] {base.py:73} INFO - Using connection ID 'fs_default' for task execution.
[2025-12-08T15:23:28.648+0530] {filesystem.py:64} INFO - Poking for file /Users/ramesharra/airflow/data/shopverse/landing/products/products_20250102.csv
[2025-12-08T15:23:38.671+0530] {base.py:73} INFO - Using connection ID 'fs_default' for task execution.
[2025-12-08T15:23:38.676+0530] {filesystem.py:64} INFO - Poking for file /Users/ramesharra/airflow/data/shopverse/landing/products/products_20250102.csv
[2025-12-08T15:23:48.701+0530] {base.py:73} INFO - Using connection ID 'fs_default' for task execution.
[2025-12-08T15:23:48.707+0530] {filesystem.py:64} INFO - Poking for file /Users/ramesharra/airflow/data/shopverse/landing/products/products_20250102.csv
[2025-12-08T15:23:58.725+0530] {base.py:73} INFO - Using connection ID 'fs_default' for task execution.
[2025-12-08T15:23:58.730+0530] {filesystem.py:64} INFO - Poking for file /Users/ramesharra/airflow/data/shopverse/landing/products/products_20250102.csv
[2025-12-08T15:24:08.755+0530] {base.py:73} INFO - Using connection ID 'fs_default' for task execution.
[2025-12-08T15:24:08.759+0530] {filesystem.py:64} INFO - Poking for file /Users/ramesharra/airflow/data/shopverse/landing/products/products_20250102.csv
[2025-12-08T15:24:18.779+0530] {base.py:73} INFO - Using connection ID 'fs_default' for task execution.
[2025-12-08T15:24:18.783+0530] {filesystem.py:64} INFO - Poking for file /Users/ramesharra/airflow/data/shopverse/landing/products/products_20250102.csv
[2025-12-08T15:24:28.803+0530] {base.py:73} INFO - Using connection ID 'fs_default' for task execution.
[2025-12-08T15:24:28.806+0530] {filesystem.py:64} INFO - Poking for file /Users/ramesharra/airflow/data/shopverse/landing/products/products_20250102.csv
[2025-12-08T15:24:38.827+0530] {base.py:73} INFO - Using connection ID 'fs_default' for task execution.
[2025-12-08T15:24:38.829+0530] {filesystem.py:64} INFO - Poking for file /Users/ramesharra/airflow/data/shopverse/landing/products/products_20250102.csv
[2025-12-08T15:24:48.847+0530] {base.py:73} INFO - Using connection ID 'fs_default' for task execution.
[2025-12-08T15:24:48.850+0530] {filesystem.py:64} INFO - Poking for file /Users/ramesharra/airflow/data/shopverse/landing/products/products_20250102.csv
[2025-12-08T15:24:58.874+0530] {base.py:73} INFO - Using connection ID 'fs_default' for task execution.
[2025-12-08T15:24:58.877+0530] {filesystem.py:64} INFO - Poking for file /Users/ramesharra/airflow/data/shopverse/landing/products/products_20250102.csv
[2025-12-08T15:25:08.901+0530] {base.py:73} INFO - Using connection ID 'fs_default' for task execution.
[2025-12-08T15:25:08.905+0530] {filesystem.py:64} INFO - Poking for file /Users/ramesharra/airflow/data/shopverse/landing/products/products_20250102.csv
[2025-12-08T15:25:18.928+0530] {base.py:73} INFO - Using connection ID 'fs_default' for task execution.
[2025-12-08T15:25:18.931+0530] {filesystem.py:64} INFO - Poking for file /Users/ramesharra/airflow/data/shopverse/landing/products/products_20250102.csv
[2025-12-08T15:25:28.947+0530] {base.py:73} INFO - Using connection ID 'fs_default' for task execution.
[2025-12-08T15:25:28.949+0530] {filesystem.py:64} INFO - Poking for file /Users/ramesharra/airflow/data/shopverse/landing/products/products_20250102.csv
[2025-12-08T15:25:38.974+0530] {base.py:73} INFO - Using connection ID 'fs_default' for task execution.
[2025-12-08T15:25:38.976+0530] {filesystem.py:64} INFO - Poking for file /Users/ramesharra/airflow/data/shopverse/landing/products/products_20250102.csv
[2025-12-08T15:25:49.003+0530] {base.py:73} INFO - Using connection ID 'fs_default' for task execution.
[2025-12-08T15:25:49.007+0530] {filesystem.py:64} INFO - Poking for file /Users/ramesharra/airflow/data/shopverse/landing/products/products_20250102.csv
[2025-12-08T15:25:59.025+0530] {base.py:73} INFO - Using connection ID 'fs_default' for task execution.
[2025-12-08T15:25:59.027+0530] {filesystem.py:64} INFO - Poking for file /Users/ramesharra/airflow/data/shopverse/landing/products/products_20250102.csv
[2025-12-08T15:26:09.062+0530] {base.py:73} INFO - Using connection ID 'fs_default' for task execution.
[2025-12-08T15:26:09.064+0530] {filesystem.py:64} INFO - Poking for file /Users/ramesharra/airflow/data/shopverse/landing/products/products_20250102.csv
[2025-12-08T15:26:19.073+0530] {base.py:73} INFO - Using connection ID 'fs_default' for task execution.
[2025-12-08T15:26:19.075+0530] {filesystem.py:64} INFO - Poking for file /Users/ramesharra/airflow/data/shopverse/landing/products/products_20250102.csv
[2025-12-08T15:26:29.082+0530] {base.py:73} INFO - Using connection ID 'fs_default' for task execution.
[2025-12-08T15:26:29.086+0530] {filesystem.py:64} INFO - Poking for file /Users/ramesharra/airflow/data/shopverse/landing/products/products_20250102.csv
[2025-12-08T15:26:39.105+0530] {base.py:73} INFO - Using connection ID 'fs_default' for task execution.
[2025-12-08T15:26:39.107+0530] {filesystem.py:64} INFO - Poking for file /Users/ramesharra/airflow/data/shopverse/landing/products/products_20250102.csv
[2025-12-08T15:26:45.591+0530] {taskinstance.py:1149} INFO - Dependencies not met for <TaskInstance: shopverse_daily_pipeline.wait_products_file scheduled__2025-01-02T01:00:00+00:00 [running]>, dependency 'Task Instance State' FAILED: Task is in the 'running' state.
[2025-12-08T15:26:45.594+0530] {taskinstance.py:1149} INFO - Dependencies not met for <TaskInstance: shopverse_daily_pipeline.wait_products_file scheduled__2025-01-02T01:00:00+00:00 [running]>, dependency 'Task Instance Not Running' FAILED: Task is in the running state
[2025-12-08T15:26:45.595+0530] {local_task_job_runner.py:154} INFO - Task is not able to be run
[2025-12-08T15:26:49.128+0530] {base.py:73} INFO - Using connection ID 'fs_default' for task execution.
[2025-12-08T15:26:49.128+0530] {filesystem.py:64} INFO - Poking for file /Users/ramesharra/airflow/data/shopverse/landing/products/products_20250102.csv
[2025-12-08T15:26:59.143+0530] {base.py:73} INFO - Using connection ID 'fs_default' for task execution.
[2025-12-08T15:26:59.144+0530] {filesystem.py:64} INFO - Poking for file /Users/ramesharra/airflow/data/shopverse/landing/products/products_20250102.csv
[2025-12-08T15:27:09.166+0530] {base.py:73} INFO - Using connection ID 'fs_default' for task execution.
[2025-12-08T15:27:09.172+0530] {filesystem.py:64} INFO - Poking for file /Users/ramesharra/airflow/data/shopverse/landing/products/products_20250102.csv
[2025-12-08T15:27:19.188+0530] {base.py:73} INFO - Using connection ID 'fs_default' for task execution.
[2025-12-08T15:27:19.191+0530] {filesystem.py:64} INFO - Poking for file /Users/ramesharra/airflow/data/shopverse/landing/products/products_20250102.csv
[2025-12-08T15:27:29.212+0530] {base.py:73} INFO - Using connection ID 'fs_default' for task execution.
[2025-12-08T15:27:29.217+0530] {filesystem.py:64} INFO - Poking for file /Users/ramesharra/airflow/data/shopverse/landing/products/products_20250102.csv
[2025-12-08T15:27:39.226+0530] {base.py:73} INFO - Using connection ID 'fs_default' for task execution.
[2025-12-08T15:27:39.227+0530] {filesystem.py:64} INFO - Poking for file /Users/ramesharra/airflow/data/shopverse/landing/products/products_20250102.csv
[2025-12-08T15:27:49.250+0530] {base.py:73} INFO - Using connection ID 'fs_default' for task execution.
[2025-12-08T15:27:49.252+0530] {filesystem.py:64} INFO - Poking for file /Users/ramesharra/airflow/data/shopverse/landing/products/products_20250102.csv
[2025-12-08T15:27:59.277+0530] {base.py:73} INFO - Using connection ID 'fs_default' for task execution.
[2025-12-08T15:27:59.278+0530] {filesystem.py:64} INFO - Poking for file /Users/ramesharra/airflow/data/shopverse/landing/products/products_20250102.csv
[2025-12-08T15:28:09.299+0530] {base.py:73} INFO - Using connection ID 'fs_default' for task execution.
[2025-12-08T15:28:09.302+0530] {filesystem.py:64} INFO - Poking for file /Users/ramesharra/airflow/data/shopverse/landing/products/products_20250102.csv
[2025-12-08T15:28:19.319+0530] {base.py:73} INFO - Using connection ID 'fs_default' for task execution.
[2025-12-08T15:28:19.321+0530] {filesystem.py:64} INFO - Poking for file /Users/ramesharra/airflow/data/shopverse/landing/products/products_20250102.csv
[2025-12-08T15:28:29.340+0530] {base.py:73} INFO - Using connection ID 'fs_default' for task execution.
[2025-12-08T15:28:29.343+0530] {filesystem.py:64} INFO - Poking for file /Users/ramesharra/airflow/data/shopverse/landing/products/products_20250102.csv
[2025-12-08T15:28:39.369+0530] {base.py:73} INFO - Using connection ID 'fs_default' for task execution.
[2025-12-08T15:28:39.372+0530] {filesystem.py:64} INFO - Poking for file /Users/ramesharra/airflow/data/shopverse/landing/products/products_20250102.csv
[2025-12-08T15:28:49.384+0530] {base.py:73} INFO - Using connection ID 'fs_default' for task execution.
[2025-12-08T15:28:49.387+0530] {filesystem.py:64} INFO - Poking for file /Users/ramesharra/airflow/data/shopverse/landing/products/products_20250102.csv
[2025-12-08T15:28:59.407+0530] {base.py:73} INFO - Using connection ID 'fs_default' for task execution.
[2025-12-08T15:28:59.409+0530] {filesystem.py:64} INFO - Poking for file /Users/ramesharra/airflow/data/shopverse/landing/products/products_20250102.csv
[2025-12-08T15:29:09.428+0530] {base.py:73} INFO - Using connection ID 'fs_default' for task execution.
[2025-12-08T15:29:09.432+0530] {filesystem.py:64} INFO - Poking for file /Users/ramesharra/airflow/data/shopverse/landing/products/products_20250102.csv
[2025-12-08T15:29:19.450+0530] {base.py:73} INFO - Using connection ID 'fs_default' for task execution.
[2025-12-08T15:29:19.452+0530] {filesystem.py:64} INFO - Poking for file /Users/ramesharra/airflow/data/shopverse/landing/products/products_20250102.csv
[2025-12-08T15:29:29.470+0530] {base.py:73} INFO - Using connection ID 'fs_default' for task execution.
[2025-12-08T15:29:29.472+0530] {filesystem.py:64} INFO - Poking for file /Users/ramesharra/airflow/data/shopverse/landing/products/products_20250102.csv
[2025-12-08T15:29:29.474+0530] {taskinstance.py:1937} ERROR - Task failed with exception
Traceback (most recent call last):
  File "/Users/ramesharra/airflow310/lib/python3.10/site-packages/airflow/sensors/base.py", line 274, in execute
    raise AirflowSensorTimeout(message)
airflow.exceptions.AirflowSensorTimeout: Sensor has timed out; run duration of 601.4406684580008 seconds exceeds the specified timeout of 600.0.
[2025-12-08T15:29:29.493+0530] {taskinstance.py:1400} INFO - Immediate failure requested. Marking task as FAILED. dag_id=shopverse_daily_pipeline, task_id=wait_products_file, execution_date=20250102T010000, start_date=20251208T095705, end_date=20251208T095929
[2025-12-08T15:29:29.505+0530] {logging_mixin.py:154} WARNING - /Users/ramesharra/airflow310/lib/python3.10/site-packages/airflow/utils/email.py:154 RemovedInAirflow3Warning: Fetching SMTP credentials from configuration variables will be deprecated in a future release. Please set credentials using a connection instead.
[2025-12-08T15:29:29.506+0530] {configuration.py:1050} WARNING - section/key [smtp/smtp_user] not found in config
[2025-12-08T15:29:29.506+0530] {email.py:270} INFO - Email alerting: attempt 1
[2025-12-08T15:29:29.509+0530] {configuration.py:1050} WARNING - section/key [smtp/smtp_user] not found in config
[2025-12-08T15:29:29.509+0530] {email.py:270} INFO - Email alerting: attempt 1
[2025-12-08T15:29:29.510+0530] {taskinstance.py:2007} ERROR - Failed to send email to: alert@example.com
Traceback (most recent call last):
  File "/Users/ramesharra/airflow310/lib/python3.10/site-packages/airflow/models/taskinstance.py", line 1518, in _run_raw_task
    self._execute_task_with_callbacks(context, test_mode, session=session)
  File "/Users/ramesharra/airflow310/lib/python3.10/site-packages/airflow/models/taskinstance.py", line 1681, in _execute_task_with_callbacks
    result = self._execute_task(context, task_orig)
  File "/Users/ramesharra/airflow310/lib/python3.10/site-packages/airflow/models/taskinstance.py", line 1744, in _execute_task
    result = execute_callable(context=context, **execute_callable_kwargs)
  File "/Users/ramesharra/airflow310/lib/python3.10/site-packages/airflow/sensors/base.py", line 274, in execute
    raise AirflowSensorTimeout(message)
airflow.exceptions.AirflowSensorTimeout: Sensor has timed out; run duration of 601.4406684580008 seconds exceeds the specified timeout of 600.0.

During handling of the above exception, another exception occurred:

Traceback (most recent call last):
  File "/Users/ramesharra/airflow310/lib/python3.10/site-packages/airflow/models/taskinstance.py", line 2420, in email_alert
    send_email(task.email, subject, html_content)
  File "/Users/ramesharra/airflow310/lib/python3.10/site-packages/airflow/utils/email.py", line 80, in send_email
    return backend(
  File "/Users/ramesharra/airflow310/lib/python3.10/site-packages/airflow/utils/email.py", line 154, in send_email_smtp
    send_mime_email(e_from=mail_from, e_to=recipients, mime_msg=msg, conn_id=conn_id, dryrun=dryrun)
  File "/Users/ramesharra/airflow310/lib/python3.10/site-packages/airflow/utils/email.py", line 272, in send_mime_email
    smtp_conn = _get_smtp_connection(smtp_host, smtp_port, smtp_timeout, smtp_ssl)
  File "/Users/ramesharra/airflow310/lib/python3.10/site-packages/airflow/utils/email.py", line 316, in _get_smtp_connection
    return smtplib.SMTP(host=host, port=port, timeout=timeout)
  File "/opt/homebrew/Cellar/python@3.10/3.10.19_1/Frameworks/Python.framework/Versions/3.10/lib/python3.10/smtplib.py", line 255, in __init__
    (code, msg) = self.connect(host, port)
  File "/opt/homebrew/Cellar/python@3.10/3.10.19_1/Frameworks/Python.framework/Versions/3.10/lib/python3.10/smtplib.py", line 341, in connect
    self.sock = self._get_socket(host, port, self.timeout)
  File "/opt/homebrew/Cellar/python@3.10/3.10.19_1/Frameworks/Python.framework/Versions/3.10/lib/python3.10/smtplib.py", line 312, in _get_socket
    return socket.create_connection((host, port), timeout,
  File "/opt/homebrew/Cellar/python@3.10/3.10.19_1/Frameworks/Python.framework/Versions/3.10/lib/python3.10/socket.py", line 857, in create_connection
    raise err
  File "/opt/homebrew/Cellar/python@3.10/3.10.19_1/Frameworks/Python.framework/Versions/3.10/lib/python3.10/socket.py", line 845, in create_connection
    sock.connect(sa)
ConnectionRefusedError: [Errno 61] Connection refused

During handling of the above exception, another exception occurred:

Traceback (most recent call last):
  File "/Users/ramesharra/airflow310/lib/python3.10/site-packages/airflow/models/taskinstance.py", line 2005, in handle_failure
    self.email_alert(error, task)
  File "/Users/ramesharra/airflow310/lib/python3.10/site-packages/airflow/models/taskinstance.py", line 2422, in email_alert
    send_email(task.email, subject, html_content_err)
  File "/Users/ramesharra/airflow310/lib/python3.10/site-packages/airflow/utils/email.py", line 80, in send_email
    return backend(
  File "/Users/ramesharra/airflow310/lib/python3.10/site-packages/airflow/utils/email.py", line 154, in send_email_smtp
    send_mime_email(e_from=mail_from, e_to=recipients, mime_msg=msg, conn_id=conn_id, dryrun=dryrun)
  File "/Users/ramesharra/airflow310/lib/python3.10/site-packages/airflow/utils/email.py", line 272, in send_mime_email
    smtp_conn = _get_smtp_connection(smtp_host, smtp_port, smtp_timeout, smtp_ssl)
  File "/Users/ramesharra/airflow310/lib/python3.10/site-packages/airflow/utils/email.py", line 316, in _get_smtp_connection
    return smtplib.SMTP(host=host, port=port, timeout=timeout)
  File "/opt/homebrew/Cellar/python@3.10/3.10.19_1/Frameworks/Python.framework/Versions/3.10/lib/python3.10/smtplib.py", line 255, in __init__
    (code, msg) = self.connect(host, port)
  File "/opt/homebrew/Cellar/python@3.10/3.10.19_1/Frameworks/Python.framework/Versions/3.10/lib/python3.10/smtplib.py", line 341, in connect
    self.sock = self._get_socket(host, port, self.timeout)
  File "/opt/homebrew/Cellar/python@3.10/3.10.19_1/Frameworks/Python.framework/Versions/3.10/lib/python3.10/smtplib.py", line 312, in _get_socket
    return socket.create_connection((host, port), timeout,
  File "/opt/homebrew/Cellar/python@3.10/3.10.19_1/Frameworks/Python.framework/Versions/3.10/lib/python3.10/socket.py", line 857, in create_connection
    raise err
  File "/opt/homebrew/Cellar/python@3.10/3.10.19_1/Frameworks/Python.framework/Versions/3.10/lib/python3.10/socket.py", line 845, in create_connection
    sock.connect(sa)
ConnectionRefusedError: [Errno 61] Connection refused
[2025-12-08T15:29:29.518+0530] {standard_task_runner.py:104} ERROR - Failed to execute job 16 for task wait_products_file (Sensor has timed out; run duration of 601.4406684580008 seconds exceeds the specified timeout of 600.0.; 15226)
